# JRE version: OpenJDK Runtime Environment (8.0_152-b01) (build 1.8.0_152-release-1343-b01)
# Java VM: OpenJDK 64-Bit Server VM (25.152-b01 mixed mode windows-amd64 compressed oops)
Heap:
 PSYoungGen      total 186880K, used 31711K [0x00000000e0000000, 0x00000000ee080000, 0x0000000100000000)
  eden space 156160K, 19% used [0x00000000e0000000,0x00000000e1d97e70,0x00000000e9880000)
  from space 30720K, 4% used [0x00000000eb800000,0x00000000eb960000,0x00000000ed600000)
  to   space 32256K, 0% used [0x00000000e9880000,0x00000000e9880000,0x00000000eb800000)
 ParOldGen       total 104448K, used 48092K [0x00000000a0000000, 0x00000000a6600000, 0x00000000e0000000)
  object space 104448K, 46% used [0x00000000a0000000,0x00000000a2ef7188,0x00000000a6600000)
 Metaspace       used 85314K, capacity 88643K, committed 95400K, reserved 1132544K
  class space    used 10768K, capacity 11426K, committed 12712K, reserved 1048576K
GC Heap History (10 events):
Event: 3680.806 GC heap before
{Heap before GC invocations=26 (full 3):
 PSYoungGen      total 187904K, used 187762K [0x00000000e0000000, 0x00000000ee680000, 0x0000000100000000)
  eden space 168960K, 100% used [0x00000000e0000000,0x00000000ea500000,0x00000000ea500000)
  from space 18944K, 99% used [0x00000000ed400000,0x00000000ee65cb30,0x00000000ee680000)
  to   space 31744K, 0% used [0x00000000ea880000,0x00000000ea880000,0x00000000ec780000)
 ParOldGen       total 104448K, used 64881K [0x00000000a0000000, 0x00000000a6600000, 0x00000000e0000000)
  object space 104448K, 62% used [0x00000000a0000000,0x00000000a3f5c630,0x00000000a6600000)
 Metaspace       used 89717K, capacity 94479K, committed 94760K, reserved 1132544K
  class space    used 11509K, capacity 12534K, committed 12584K, reserved 1048576K
Event: 3680.869 GC heap after
Heap after GC invocations=26 (full 3):
 PSYoungGen      total 181760K, used 18181K [0x00000000e0000000, 0x00000000edb80000, 0x0000000100000000)
  eden space 163328K, 0% used [0x00000000e0000000,0x00000000e0000000,0x00000000e9f80000)
  from space 18432K, 98% used [0x00000000ea880000,0x00000000eba41408,0x00000000eba80000)
  to   space 30720K, 0% used [0x00000000ebd80000,0x00000000ebd80000,0x00000000edb80000)
 ParOldGen       total 104448K, used 64889K [0x00000000a0000000, 0x00000000a6600000, 0x00000000e0000000)
  object space 104448K, 62% used [0x00000000a0000000,0x00000000a3f5e630,0x00000000a6600000)
 Metaspace       used 89717K, capacity 94479K, committed 94760K, reserved 1132544K
  class space    used 11509K, capacity 12534K, committed 12584K, reserved 1048576K
}
Event: 3692.453 GC heap before
{Heap before GC invocations=27 (full 3):
 PSYoungGen      total 181760K, used 181509K [0x00000000e0000000, 0x00000000edb80000, 0x0000000100000000)
  eden space 163328K, 100% used [0x00000000e0000000,0x00000000e9f80000,0x00000000e9f80000)
  from space 18432K, 98% used [0x00000000ea880000,0x00000000eba41408,0x00000000eba80000)
  to   space 30720K, 0% used [0x00000000ebd80000,0x00000000ebd80000,0x00000000edb80000)
 ParOldGen       total 104448K, used 64889K [0x00000000a0000000, 0x00000000a6600000, 0x00000000e0000000)
  object space 104448K, 62% used [0x00000000a0000000,0x00000000a3f5e630,0x00000000a6600000)
 Metaspace       used 89901K, capacity 94691K, committed 95016K, reserved 1132544K
  class space    used 11514K, capacity 12536K, committed 12584K, reserved 1048576K
Event: 3692.570 GC heap after
Heap after GC invocations=27 (full 3):
 PSYoungGen      total 184832K, used 22347K [0x00000000e0000000, 0x00000000ed800000, 0x0000000100000000)
  eden space 157696K, 0% used [0x00000000e0000000,0x00000000e0000000,0x00000000e9a00000)
  from space 27136K, 82% used [0x00000000ebd80000,0x00000000ed352c98,0x00000000ed800000)
  to   space 31744K, 0% used [0x00000000e9a00000,0x00000000e9a00000,0x00000000eb900000)
 ParOldGen       total 104448K, used 64897K [0x00000000a0000000, 0x00000000a6600000, 0x00000000e0000000)
  object space 104448K, 62% used [0x00000000a0000000,0x00000000a3f60630,0x00000000a6600000)
 Metaspace       used 89901K, capacity 94691K, committed 95016K, reserved 1132544K
  class space    used 11514K, capacity 12536K, committed 12584K, reserved 1048576K
}
Event: 3886.211 GC heap before
{Heap before GC invocations=28 (full 3):
 PSYoungGen      total 184832K, used 162304K [0x00000000e0000000, 0x00000000ed800000, 0x0000000100000000)
  eden space 157696K, 88% used [0x00000000e0000000,0x00000000e88ad598,0x00000000e9a00000)
  from space 27136K, 82% used [0x00000000ebd80000,0x00000000ed352c98,0x00000000ed800000)
  to   space 31744K, 0% used [0x00000000e9a00000,0x00000000e9a00000,0x00000000eb900000)
 ParOldGen       total 104448K, used 64897K [0x00000000a0000000, 0x00000000a6600000, 0x00000000e0000000)
  object space 104448K, 62% used [0x00000000a0000000,0x00000000a3f60630,0x00000000a6600000)
 Metaspace       used 90453K, capacity 95279K, committed 95400K, reserved 1132544K
  class space    used 11572K, capacity 12596K, committed 12712K, reserved 1048576K
Event: 3886.260 GC heap after
Heap after GC invocations=28 (full 3):
 PSYoungGen      total 176128K, used 17957K [0x00000000e0000000, 0x00000000ed600000, 0x0000000100000000)
  eden space 157696K, 0% used [0x00000000e0000000,0x00000000e0000000,0x00000000e9a00000)
  from space 18432K, 97% used [0x00000000e9a00000,0x00000000eab89438,0x00000000eac00000)
  to   space 30720K, 0% used [0x00000000eb800000,0x00000000eb800000,0x00000000ed600000)
 ParOldGen       total 104448K, used 64905K [0x00000000a0000000, 0x00000000a6600000, 0x00000000e0000000)
  object space 104448K, 62% used [0x00000000a0000000,0x00000000a3f62630,0x00000000a6600000)
 Metaspace       used 90453K, capacity 95279K, committed 95400K, reserved 1132544K
  class space    used 11572K, capacity 12596K, committed 12712K, reserved 1048576K
}
Event: 3886.261 GC heap before
{Heap before GC invocations=29 (full 4):
 PSYoungGen      total 176128K, used 17957K [0x00000000e0000000, 0x00000000ed600000, 0x0000000100000000)
  eden space 157696K, 0% used [0x00000000e0000000,0x00000000e0000000,0x00000000e9a00000)
  from space 18432K, 97% used [0x00000000e9a00000,0x00000000eab89438,0x00000000eac00000)
  to   space 30720K, 0% used [0x00000000eb800000,0x00000000eb800000,0x00000000ed600000)
 ParOldGen       total 104448K, used 64905K [0x00000000a0000000, 0x00000000a6600000, 0x00000000e0000000)
  object space 104448K, 62% used [0x00000000a0000000,0x00000000a3f62630,0x00000000a6600000)
 Metaspace       used 90453K, capacity 95279K, committed 95400K, reserved 1132544K
  class space    used 11572K, capacity 12596K, committed 12712K, reserved 1048576K
Event: 3891.632 GC heap after
Heap after GC invocations=29 (full 4):
 PSYoungGen      total 176128K, used 0K [0x00000000e0000000, 0x00000000ed600000, 0x0000000100000000)
  eden space 157696K, 0% used [0x00000000e0000000,0x00000000e0000000,0x00000000e9a00000)
  from space 18432K, 0% used [0x00000000e9a00000,0x00000000e9a00000,0x00000000eac00000)
  to   space 30720K, 0% used [0x00000000eb800000,0x00000000eb800000,0x00000000ed600000)
 ParOldGen       total 104448K, used 48084K [0x00000000a0000000, 0x00000000a6600000, 0x00000000e0000000)
  object space 104448K, 46% used [0x00000000a0000000,0x00000000a2ef5188,0x00000000a6600000)
 Metaspace       used 84792K, capacity 88003K, committed 95400K, reserved 1132544K
  class space    used 10692K, capacity 11302K, committed 12712K, reserved 1048576K
}
Event: 3933.908 GC heap before
{Heap before GC invocations=30 (full 4):
 PSYoungGen      total 176128K, used 157696K [0x00000000e0000000, 0x00000000ed600000, 0x0000000100000000)
  eden space 157696K, 100% used [0x00000000e0000000,0x00000000e9a00000,0x00000000e9a00000)
  from space 18432K, 0% used [0x00000000e9a00000,0x00000000e9a00000,0x00000000eac00000)
  to   space 30720K, 0% used [0x00000000eb800000,0x00000000eb800000,0x00000000ed600000)
 ParOldGen       total 104448K, used 48084K [0x00000000a0000000, 0x00000000a6600000, 0x00000000e0000000)
  object space 104448K, 46% used [0x00000000a0000000,0x00000000a2ef5188,0x00000000a6600000)
 Metaspace       used 85311K, capacity 88643K, committed 95400K, reserved 1132544K
  class space    used 10767K, capacity 11426K, committed 12712K, reserved 1048576K
Event: 3933.921 GC heap after
Heap after GC invocations=30 (full 4):
 PSYoungGen      total 186880K, used 1408K [0x00000000e0000000, 0x00000000ee080000, 0x0000000100000000)
  eden space 156160K, 0% used [0x00000000e0000000,0x00000000e0000000,0x00000000e9880000)
  from space 30720K, 4% used [0x00000000eb800000,0x00000000eb960000,0x00000000ed600000)
  to   space 32256K, 0% used [0x00000000e9880000,0x00000000e9880000,0x00000000eb800000)
 ParOldGen       total 104448K, used 48092K [0x00000000a0000000, 0x00000000a6600000, 0x00000000e0000000)
  object space 104448K, 46% used [0x00000000a0000000,0x00000000a2ef7188,0x00000000a6600000)
 Metaspace       used 85311K, capacity 88643K, committed 95400K, reserved 1132544K
  class space    used 10767K, capacity 11426K, committed 12712K, reserved 1048576K
}

