# JRE version: OpenJDK Runtime Environment (8.0_152-b01) (build 1.8.0_152-release-1343-b01)
# Java VM: OpenJDK 64-Bit Server VM (25.152-b01 mixed mode windows-amd64 compressed oops)
Heap:
 PSYoungGen      total 231424K, used 128043K [0x00000000e0000000, 0x00000000efd80000, 0x0000000100000000)
  eden space 213504K, 53% used [0x00000000e0000000,0x00000000e7032bf8,0x00000000ed080000)
  from space 17920K, 73% used [0x00000000eec00000,0x00000000ef8d83e0,0x00000000efd80000)
  to   space 23040K, 0% used [0x00000000ed080000,0x00000000ed080000,0x00000000ee700000)
 ParOldGen       total 91136K, used 49099K [0x00000000a0000000, 0x00000000a5900000, 0x00000000e0000000)
  object space 91136K, 53% used [0x00000000a0000000,0x00000000a2ff2ea0,0x00000000a5900000)
 Metaspace       used 75172K, capacity 78450K, committed 78808K, reserved 1118208K
  class space    used 10033K, capacity 10644K, committed 10752K, reserved 1048576K
GC Heap History (10 events):
Event: 22.623 GC heap before
{Heap before GC invocations=15 (full 2):
 PSYoungGen      total 155136K, used 143394K [0x00000000e0000000, 0x00000000eb180000, 0x0000000100000000)
  eden space 143872K, 91% used [0x00000000e0000000,0x00000000e810dd20,0x00000000e8c80000)
  from space 11264K, 99% used [0x00000000ea680000,0x00000000eb17ab50,0x00000000eb180000)
  to   space 13824K, 0% used [0x00000000e9680000,0x00000000e9680000,0x00000000ea400000)
 ParOldGen       total 56320K, used 19458K [0x00000000a0000000, 0x00000000a3700000, 0x00000000e0000000)
  object space 56320K, 34% used [0x00000000a0000000,0x00000000a13008c8,0x00000000a3700000)
 Metaspace       used 57495K, capacity 58976K, committed 59096K, reserved 1099776K
  class space    used 7742K, capacity 8113K, committed 8192K, reserved 1048576K
Event: 22.664 GC heap after
Heap after GC invocations=15 (full 2):
 PSYoungGen      total 167936K, used 13665K [0x00000000e0000000, 0x00000000ed280000, 0x0000000100000000)
  eden space 154112K, 0% used [0x00000000e0000000,0x00000000e0000000,0x00000000e9680000)
  from space 13824K, 98% used [0x00000000e9680000,0x00000000ea3d85c8,0x00000000ea400000)
  to   space 15872K, 0% used [0x00000000ec300000,0x00000000ec300000,0x00000000ed280000)
 ParOldGen       total 56320K, used 26627K [0x00000000a0000000, 0x00000000a3700000, 0x00000000e0000000)
  object space 56320K, 47% used [0x00000000a0000000,0x00000000a1a00f30,0x00000000a3700000)
 Metaspace       used 57495K, capacity 58976K, committed 59096K, reserved 1099776K
  class space    used 7742K, capacity 8113K, committed 8192K, reserved 1048576K
}
Event: 22.664 GC heap before
{Heap before GC invocations=16 (full 3):
 PSYoungGen      total 167936K, used 13665K [0x00000000e0000000, 0x00000000ed280000, 0x0000000100000000)
  eden space 154112K, 0% used [0x00000000e0000000,0x00000000e0000000,0x00000000e9680000)
  from space 13824K, 98% used [0x00000000e9680000,0x00000000ea3d85c8,0x00000000ea400000)
  to   space 15872K, 0% used [0x00000000ec300000,0x00000000ec300000,0x00000000ed280000)
 ParOldGen       total 56320K, used 26627K [0x00000000a0000000, 0x00000000a3700000, 0x00000000e0000000)
  object space 56320K, 47% used [0x00000000a0000000,0x00000000a1a00f30,0x00000000a3700000)
 Metaspace       used 57495K, capacity 58976K, committed 59096K, reserved 1099776K
  class space    used 7742K, capacity 8113K, committed 8192K, reserved 1048576K
Event: 23.086 GC heap after
Heap after GC invocations=16 (full 3):
 PSYoungGen      total 167936K, used 0K [0x00000000e0000000, 0x00000000ed280000, 0x0000000100000000)
  eden space 154112K, 0% used [0x00000000e0000000,0x00000000e0000000,0x00000000e9680000)
  from space 13824K, 0% used [0x00000000e9680000,0x00000000e9680000,0x00000000ea400000)
  to   space 15872K, 0% used [0x00000000ec300000,0x00000000ec300000,0x00000000ed280000)
 ParOldGen       total 91136K, used 34480K [0x00000000a0000000, 0x00000000a5900000, 0x00000000e0000000)
  object space 91136K, 37% used [0x00000000a0000000,0x00000000a21ac118,0x00000000a5900000)
 Metaspace       used 57495K, capacity 58976K, committed 59096K, reserved 1099776K
  class space    used 7742K, capacity 8113K, committed 8192K, reserved 1048576K
}
Event: 30.625 GC heap before
{Heap before GC invocations=17 (full 3):
 PSYoungGen      total 167936K, used 154112K [0x00000000e0000000, 0x00000000ed280000, 0x0000000100000000)
  eden space 154112K, 100% used [0x00000000e0000000,0x00000000e9680000,0x00000000e9680000)
  from space 13824K, 0% used [0x00000000e9680000,0x00000000e9680000,0x00000000ea400000)
  to   space 15872K, 0% used [0x00000000ec300000,0x00000000ec300000,0x00000000ed280000)
 ParOldGen       total 91136K, used 34480K [0x00000000a0000000, 0x00000000a5900000, 0x00000000e0000000)
  object space 91136K, 37% used [0x00000000a0000000,0x00000000a21ac118,0x00000000a5900000)
 Metaspace       used 62698K, capacity 64696K, committed 64984K, reserved 1105920K
  class space    used 8437K, capacity 8865K, committed 8960K, reserved 1048576K
Event: 30.668 GC heap after
Heap after GC invocations=17 (full 3):
 PSYoungGen      total 197632K, used 14243K [0x00000000e0000000, 0x00000000ed780000, 0x0000000100000000)
  eden space 181760K, 0% used [0x00000000e0000000,0x00000000e0000000,0x00000000eb180000)
  from space 15872K, 89% used [0x00000000ec300000,0x00000000ed0e8f20,0x00000000ed280000)
  to   space 17920K, 0% used [0x00000000eb180000,0x00000000eb180000,0x00000000ec300000)
 ParOldGen       total 91136K, used 34488K [0x00000000a0000000, 0x00000000a5900000, 0x00000000e0000000)
  object space 91136K, 37% used [0x00000000a0000000,0x00000000a21ae118,0x00000000a5900000)
 Metaspace       used 62698K, capacity 64696K, committed 64984K, reserved 1105920K
  class space    used 8437K, capacity 8865K, committed 8960K, reserved 1048576K
}
Event: 38.204 GC heap before
{Heap before GC invocations=18 (full 3):
 PSYoungGen      total 197632K, used 196003K [0x00000000e0000000, 0x00000000ed780000, 0x0000000100000000)
  eden space 181760K, 100% used [0x00000000e0000000,0x00000000eb180000,0x00000000eb180000)
  from space 15872K, 89% used [0x00000000ec300000,0x00000000ed0e8f20,0x00000000ed280000)
  to   space 17920K, 0% used [0x00000000eb180000,0x00000000eb180000,0x00000000ec300000)
 ParOldGen       total 91136K, used 34488K [0x00000000a0000000, 0x00000000a5900000, 0x00000000e0000000)
  object space 91136K, 37% used [0x00000000a0000000,0x00000000a21ae118,0x00000000a5900000)
 Metaspace       used 65853K, capacity 67974K, committed 68184K, reserved 1107968K
  class space    used 8855K, capacity 9318K, committed 9344K, reserved 1048576K
Event: 38.332 GC heap after
Heap after GC invocations=18 (full 3):
 PSYoungGen      total 199680K, used 17896K [0x00000000e0000000, 0x00000000f0280000, 0x0000000100000000)
  eden space 181760K, 0% used [0x00000000e0000000,0x00000000e0000000,0x00000000eb180000)
  from space 17920K, 99% used [0x00000000eb180000,0x00000000ec2fa050,0x00000000ec300000)
  to   space 23040K, 0% used [0x00000000eec00000,0x00000000eec00000,0x00000000f0280000)
 ParOldGen       total 91136K, used 40896K [0x00000000a0000000, 0x00000000a5900000, 0x00000000e0000000)
  object space 91136K, 44% used [0x00000000a0000000,0x00000000a27f00f0,0x00000000a5900000)
 Metaspace       used 65853K, capacity 67974K, committed 68184K, reserved 1107968K
  class space    used 8855K, capacity 9318K, committed 9344K, reserved 1048576K
}
Event: 54.479 GC heap before
{Heap before GC invocations=19 (full 3):
 PSYoungGen      total 199680K, used 199656K [0x00000000e0000000, 0x00000000f0280000, 0x0000000100000000)
  eden space 181760K, 100% used [0x00000000e0000000,0x00000000eb180000,0x00000000eb180000)
  from space 17920K, 99% used [0x00000000eb180000,0x00000000ec2fa050,0x00000000ec300000)
  to   space 23040K, 0% used [0x00000000eec00000,0x00000000eec00000,0x00000000f0280000)
 ParOldGen       total 91136K, used 40896K [0x00000000a0000000, 0x00000000a5900000, 0x00000000e0000000)
  object space 91136K, 44% used [0x00000000a0000000,0x00000000a27f00f0,0x00000000a5900000)
 Metaspace       used 67387K, capacity 69624K, committed 69848K, reserved 1110016K
  class space    used 9020K, capacity 9471K, committed 9472K, reserved 1048576K
Event: 54.532 GC heap after
Heap after GC invocations=19 (full 3):
 PSYoungGen      total 231424K, used 13152K [0x00000000e0000000, 0x00000000efd80000, 0x0000000100000000)
  eden space 213504K, 0% used [0x00000000e0000000,0x00000000e0000000,0x00000000ed080000)
  from space 17920K, 73% used [0x00000000eec00000,0x00000000ef8d83e0,0x00000000efd80000)
  to   space 23040K, 0% used [0x00000000ed080000,0x00000000ed080000,0x00000000ee700000)
 ParOldGen       total 91136K, used 49099K [0x00000000a0000000, 0x00000000a5900000, 0x00000000e0000000)
  object space 91136K, 53% used [0x00000000a0000000,0x00000000a2ff2ea0,0x00000000a5900000)
 Metaspace       used 67387K, capacity 69624K, committed 69848K, reserved 1110016K
  class space    used 9020K, capacity 9471K, committed 9472K, reserved 1048576K
}

