# JRE version: OpenJDK Runtime Environment (8.0_152-b01) (build 1.8.0_152-release-1343-b01)
# Java VM: OpenJDK 64-Bit Server VM (25.152-b01 mixed mode windows-amd64 compressed oops)
Heap:
 PSYoungGen      total 257024K, used 234832K [0x00000000e0000000, 0x00000000f6980000, 0x0000000100000000)
  eden space 221184K, 100% used [0x00000000e0000000,0x00000000ed800000,0x00000000ed800000)
  from space 35840K, 38% used [0x00000000f0c80000,0x00000000f19d42b8,0x00000000f2f80000)
  to   space 53760K, 0% used [0x00000000ed800000,0x00000000ed800000,0x00000000f0c80000)
 ParOldGen       total 104960K, used 104716K [0x00000000a0000000, 0x00000000a6680000, 0x00000000e0000000)
  object space 104960K, 99% used [0x00000000a0000000,0x00000000a6643358,0x00000000a6680000)
 Metaspace       used 88905K, capacity 91742K, committed 92888K, reserved 1130496K
  class space    used 11489K, capacity 12070K, committed 12288K, reserved 1048576K
GC Heap History (10 events):
Event: 92.220 GC heap after
Heap after GC invocations=18 (full 3):
 PSYoungGen      total 216576K, used 16905K [0x00000000e0000000, 0x00000000f0b80000, 0x0000000100000000)
  eden space 190464K, 0% used [0x00000000e0000000,0x00000000e0000000,0x00000000eba00000)
  from space 26112K, 64% used [0x00000000eba00000,0x00000000eca82468,0x00000000ed380000)
  to   space 26624K, 0% used [0x00000000ef180000,0x00000000ef180000,0x00000000f0b80000)
 ParOldGen       total 101888K, used 50344K [0x00000000a0000000, 0x00000000a6380000, 0x00000000e0000000)
  object space 101888K, 49% used [0x00000000a0000000,0x00000000a312a1e0,0x00000000a6380000)
 Metaspace       used 78421K, capacity 80610K, committed 80984K, reserved 1120256K
  class space    used 10288K, capacity 10768K, committed 10880K, reserved 1048576K
}
Event: 96.539 GC heap before
{Heap before GC invocations=19 (full 3):
 PSYoungGen      total 216576K, used 207369K [0x00000000e0000000, 0x00000000f0b80000, 0x0000000100000000)
  eden space 190464K, 100% used [0x00000000e0000000,0x00000000eba00000,0x00000000eba00000)
  from space 26112K, 64% used [0x00000000eba00000,0x00000000eca82468,0x00000000ed380000)
  to   space 26624K, 0% used [0x00000000ef180000,0x00000000ef180000,0x00000000f0b80000)
 ParOldGen       total 101888K, used 50344K [0x00000000a0000000, 0x00000000a6380000, 0x00000000e0000000)
  object space 101888K, 49% used [0x00000000a0000000,0x00000000a312a1e0,0x00000000a6380000)
 Metaspace       used 78993K, capacity 81222K, committed 81496K, reserved 1120256K
  class space    used 10337K, capacity 10810K, committed 10880K, reserved 1048576K
Event: 96.605 GC heap after
Heap after GC invocations=19 (full 3):
 PSYoungGen      total 240128K, used 26617K [0x00000000e0000000, 0x00000000f1f00000, 0x0000000100000000)
  eden space 213504K, 0% used [0x00000000e0000000,0x00000000e0000000,0x00000000ed080000)
  from space 26624K, 99% used [0x00000000ef180000,0x00000000f0b7e498,0x00000000f0b80000)
  to   space 33792K, 0% used [0x00000000ed080000,0x00000000ed080000,0x00000000ef180000)
 ParOldGen       total 101888K, used 59396K [0x00000000a0000000, 0x00000000a6380000, 0x00000000e0000000)
  object space 101888K, 58% used [0x00000000a0000000,0x00000000a3a01080,0x00000000a6380000)
 Metaspace       used 78993K, capacity 81222K, committed 81496K, reserved 1120256K
  class space    used 10337K, capacity 10810K, committed 10880K, reserved 1048576K
}
Event: 104.991 GC heap before
{Heap before GC invocations=20 (full 3):
 PSYoungGen      total 240128K, used 240121K [0x00000000e0000000, 0x00000000f1f00000, 0x0000000100000000)
  eden space 213504K, 100% used [0x00000000e0000000,0x00000000ed080000,0x00000000ed080000)
  from space 26624K, 99% used [0x00000000ef180000,0x00000000f0b7e498,0x00000000f0b80000)
  to   space 33792K, 0% used [0x00000000ed080000,0x00000000ed080000,0x00000000ef180000)
 ParOldGen       total 101888K, used 59396K [0x00000000a0000000, 0x00000000a6380000, 0x00000000e0000000)
  object space 101888K, 58% used [0x00000000a0000000,0x00000000a3a01080,0x00000000a6380000)
 Metaspace       used 88271K, capacity 91476K, committed 91736K, reserved 1128448K
  class space    used 11452K, capacity 12091K, committed 12160K, reserved 1048576K
Event: 105.049 GC heap after
Heap after GC invocations=20 (full 3):
 PSYoungGen      total 247296K, used 23749K [0x00000000e0000000, 0x00000000f2f80000, 0x0000000100000000)
  eden space 213504K, 0% used [0x00000000e0000000,0x00000000e0000000,0x00000000ed080000)
  from space 33792K, 70% used [0x00000000ed080000,0x00000000ee7b1730,0x00000000ef180000)
  to   space 35840K, 0% used [0x00000000f0c80000,0x00000000f0c80000,0x00000000f2f80000)
 ParOldGen       total 101888K, used 70779K [0x00000000a0000000, 0x00000000a6380000, 0x00000000e0000000)
  object space 101888K, 69% used [0x00000000a0000000,0x00000000a451ef78,0x00000000a6380000)
 Metaspace       used 88271K, capacity 91476K, committed 91736K, reserved 1128448K
  class space    used 11452K, capacity 12091K, committed 12160K, reserved 1048576K
}
Event: 109.497 GC heap before
{Heap before GC invocations=21 (full 3):
 PSYoungGen      total 247296K, used 237137K [0x00000000e0000000, 0x00000000f2f80000, 0x0000000100000000)
  eden space 213504K, 99% used [0x00000000e0000000,0x00000000ed062d00,0x00000000ed080000)
  from space 33792K, 70% used [0x00000000ed080000,0x00000000ee7b1730,0x00000000ef180000)
  to   space 35840K, 0% used [0x00000000f0c80000,0x00000000f0c80000,0x00000000f2f80000)
 ParOldGen       total 101888K, used 70779K [0x00000000a0000000, 0x00000000a6380000, 0x00000000e0000000)
  object space 101888K, 69% used [0x00000000a0000000,0x00000000a451ef78,0x00000000a6380000)
 Metaspace       used 89338K, capacity 92658K, committed 92888K, reserved 1130496K
  class space    used 11589K, capacity 12248K, committed 12288K, reserved 1048576K
Event: 109.899 GC heap after
Heap after GC invocations=21 (full 3):
 PSYoungGen      total 257024K, used 35819K [0x00000000e0000000, 0x00000000f6980000, 0x0000000100000000)
  eden space 221184K, 0% used [0x00000000e0000000,0x00000000e0000000,0x00000000ed800000)
  from space 35840K, 99% used [0x00000000f0c80000,0x00000000f2f7aca0,0x00000000f2f80000)
  to   space 53760K, 0% used [0x00000000ed800000,0x00000000ed800000,0x00000000f0c80000)
 ParOldGen       total 104960K, used 104713K [0x00000000a0000000, 0x00000000a6680000, 0x00000000e0000000)
  object space 104960K, 99% used [0x00000000a0000000,0x00000000a66427d8,0x00000000a6680000)
 Metaspace       used 89338K, capacity 92658K, committed 92888K, reserved 1130496K
  class space    used 11589K, capacity 12248K, committed 12288K, reserved 1048576K
}
Event: 109.899 GC heap before
{Heap before GC invocations=22 (full 4):
 PSYoungGen      total 257024K, used 35819K [0x00000000e0000000, 0x00000000f6980000, 0x0000000100000000)
  eden space 221184K, 0% used [0x00000000e0000000,0x00000000e0000000,0x00000000ed800000)
  from space 35840K, 99% used [0x00000000f0c80000,0x00000000f2f7aca0,0x00000000f2f80000)
  to   space 53760K, 0% used [0x00000000ed800000,0x00000000ed800000,0x00000000f0c80000)
 ParOldGen       total 104960K, used 104713K [0x00000000a0000000, 0x00000000a6680000, 0x00000000e0000000)
  object space 104960K, 99% used [0x00000000a0000000,0x00000000a66427d8,0x00000000a6680000)
 Metaspace       used 89338K, capacity 92658K, committed 92888K, reserved 1130496K
  class space    used 11589K, capacity 12248K, committed 12288K, reserved 1048576K
Event: 111.810 GC heap after
Heap after GC invocations=22 (full 4):
 PSYoungGen      total 257024K, used 13648K [0x00000000e0000000, 0x00000000f6980000, 0x0000000100000000)
  eden space 221184K, 0% used [0x00000000e0000000,0x00000000e0000000,0x00000000ed800000)
  from space 35840K, 38% used [0x00000000f0c80000,0x00000000f19d42b8,0x00000000f2f80000)
  to   space 53760K, 0% used [0x00000000ed800000,0x00000000ed800000,0x00000000f0c80000)
 ParOldGen       total 104960K, used 104716K [0x00000000a0000000, 0x00000000a6680000, 0x00000000e0000000)
  object space 104960K, 99% used [0x00000000a0000000,0x00000000a6643358,0x00000000a6680000)
 Metaspace       used 88837K, capacity 91664K, committed 92888K, reserved 1130496K
  class space    used 11485K, capacity 12065K, committed 12288K, reserved 1048576K
}
Event: 115.014 GC heap before
{Heap before GC invocations=23 (full 5):
 PSYoungGen      total 257024K, used 234832K [0x00000000e0000000, 0x00000000f6980000, 0x0000000100000000)
  eden space 221184K, 100% used [0x00000000e0000000,0x00000000ed800000,0x00000000ed800000)
  from space 35840K, 38% used [0x00000000f0c80000,0x00000000f19d42b8,0x00000000f2f80000)
  to   space 53760K, 0% used [0x00000000ed800000,0x00000000ed800000,0x00000000f0c80000)
 ParOldGen       total 104960K, used 104716K [0x00000000a0000000, 0x00000000a6680000, 0x00000000e0000000)
  object space 104960K, 99% used [0x00000000a0000000,0x00000000a6643358,0x00000000a6680000)
 Metaspace       used 88905K, capacity 91742K, committed 92888K, reserved 1130496K
  class space    used 11489K, capacity 12070K, committed 12288K, reserved 1048576K

