# JRE version: OpenJDK Runtime Environment (8.0_152-b01) (build 1.8.0_152-release-1343-b01)
# Java VM: OpenJDK 64-Bit Server VM (25.152-b01 mixed mode windows-amd64 compressed oops)
Heap:
 PSYoungGen      total 233984K, used 98613K [0x00000000e0000000, 0x00000000f4800000, 0x0000000100000000)
  eden space 202752K, 48% used [0x00000000e0000000,0x00000000e604d7d8,0x00000000ec600000)
  from space 31232K, 0% used [0x00000000ec600000,0x00000000ec600000,0x00000000ee480000)
  to   space 46080K, 0% used [0x00000000f1b00000,0x00000000f1b00000,0x00000000f4800000)
 ParOldGen       total 99328K, used 70222K [0x00000000a0000000, 0x00000000a6100000, 0x00000000e0000000)
  object space 99328K, 70% used [0x00000000a0000000,0x00000000a44938c8,0x00000000a6100000)
 Metaspace       used 77973K, capacity 80250K, committed 80600K, reserved 1120256K
  class space    used 10212K, capacity 10692K, committed 10752K, reserved 1048576K
GC Heap History (10 events):
Event: 25.683 GC heap before
{Heap before GC invocations=15 (full 3):
 PSYoungGen      total 175616K, used 158720K [0x00000000e0000000, 0x00000000ee580000, 0x0000000100000000)
  eden space 158720K, 100% used [0x00000000e0000000,0x00000000e9b00000,0x00000000e9b00000)
  from space 16896K, 0% used [0x00000000e9b00000,0x00000000e9b00000,0x00000000eab80000)
  to   space 17408K, 0% used [0x00000000ed480000,0x00000000ed480000,0x00000000ee580000)
 ParOldGen       total 99328K, used 33588K [0x00000000a0000000, 0x00000000a6100000, 0x00000000e0000000)
  object space 99328K, 33% used [0x00000000a0000000,0x00000000a20cd0a0,0x00000000a6100000)
 Metaspace       used 62368K, capacity 64202K, committed 64344K, reserved 1105920K
  class space    used 8361K, capacity 8808K, committed 8832K, reserved 1048576K
Event: 25.713 GC heap after
Heap after GC invocations=15 (full 3):
 PSYoungGen      total 199680K, used 13902K [0x00000000e0000000, 0x00000000ee280000, 0x0000000100000000)
  eden space 185344K, 0% used [0x00000000e0000000,0x00000000e0000000,0x00000000eb500000)
  from space 14336K, 96% used [0x00000000ed480000,0x00000000ee213b60,0x00000000ee280000)
  to   space 18432K, 0% used [0x00000000ebe80000,0x00000000ebe80000,0x00000000ed080000)
 ParOldGen       total 99328K, used 33596K [0x00000000a0000000, 0x00000000a6100000, 0x00000000e0000000)
  object space 99328K, 33% used [0x00000000a0000000,0x00000000a20cf0a0,0x00000000a6100000)
 Metaspace       used 62368K, capacity 64202K, committed 64344K, reserved 1105920K
  class space    used 8361K, capacity 8808K, committed 8832K, reserved 1048576K
}
Event: 36.400 GC heap before
{Heap before GC invocations=16 (full 3):
 PSYoungGen      total 199680K, used 199246K [0x00000000e0000000, 0x00000000ee280000, 0x0000000100000000)
  eden space 185344K, 100% used [0x00000000e0000000,0x00000000eb500000,0x00000000eb500000)
  from space 14336K, 96% used [0x00000000ed480000,0x00000000ee213b60,0x00000000ee280000)
  to   space 18432K, 0% used [0x00000000ebe80000,0x00000000ebe80000,0x00000000ed080000)
 ParOldGen       total 99328K, used 33596K [0x00000000a0000000, 0x00000000a6100000, 0x00000000e0000000)
  object space 99328K, 33% used [0x00000000a0000000,0x00000000a20cf0a0,0x00000000a6100000)
 Metaspace       used 65421K, capacity 67260K, committed 67544K, reserved 1107968K
  class space    used 8661K, capacity 9093K, committed 9216K, reserved 1048576K
Event: 36.459 GC heap after
Heap after GC invocations=16 (full 3):
 PSYoungGen      total 213504K, used 17448K [0x00000000e0000000, 0x00000000ef900000, 0x0000000100000000)
  eden space 195072K, 0% used [0x00000000e0000000,0x00000000e0000000,0x00000000ebe80000)
  from space 18432K, 94% used [0x00000000ebe80000,0x00000000ecf8a098,0x00000000ed080000)
  to   space 20992K, 0% used [0x00000000ee480000,0x00000000ee480000,0x00000000ef900000)
 ParOldGen       total 99328K, used 33604K [0x00000000a0000000, 0x00000000a6100000, 0x00000000e0000000)
  object space 99328K, 33% used [0x00000000a0000000,0x00000000a20d10a0,0x00000000a6100000)
 Metaspace       used 65421K, capacity 67260K, committed 67544K, reserved 1107968K
  class space    used 8661K, capacity 9093K, committed 9216K, reserved 1048576K
}
Event: 49.014 GC heap before
{Heap before GC invocations=17 (full 3):
 PSYoungGen      total 213504K, used 212520K [0x00000000e0000000, 0x00000000ef900000, 0x0000000100000000)
  eden space 195072K, 100% used [0x00000000e0000000,0x00000000ebe80000,0x00000000ebe80000)
  from space 18432K, 94% used [0x00000000ebe80000,0x00000000ecf8a098,0x00000000ed080000)
  to   space 20992K, 0% used [0x00000000ee480000,0x00000000ee480000,0x00000000ef900000)
 ParOldGen       total 99328K, used 33604K [0x00000000a0000000, 0x00000000a6100000, 0x00000000e0000000)
  object space 99328K, 33% used [0x00000000a0000000,0x00000000a20d10a0,0x00000000a6100000)
 Metaspace       used 75077K, capacity 77174K, committed 77272K, reserved 1116160K
  class space    used 9933K, capacity 10427K, committed 10496K, reserved 1048576K
Event: 49.173 GC heap after
Heap after GC invocations=17 (full 3):
 PSYoungGen      total 223744K, used 20988K [0x00000000e0000000, 0x00000000f1900000, 0x0000000100000000)
  eden space 202752K, 0% used [0x00000000e0000000,0x00000000e0000000,0x00000000ec600000)
  from space 20992K, 99% used [0x00000000ee480000,0x00000000ef8ff068,0x00000000ef900000)
  to   space 31232K, 0% used [0x00000000ec600000,0x00000000ec600000,0x00000000ee480000)
 ParOldGen       total 99328K, used 52793K [0x00000000a0000000, 0x00000000a6100000, 0x00000000e0000000)
  object space 99328K, 53% used [0x00000000a0000000,0x00000000a338e4d0,0x00000000a6100000)
 Metaspace       used 75077K, capacity 77174K, committed 77272K, reserved 1116160K
  class space    used 9933K, capacity 10427K, committed 10496K, reserved 1048576K
}
Event: 54.739 GC heap before
{Heap before GC invocations=18 (full 3):
 PSYoungGen      total 223744K, used 223740K [0x00000000e0000000, 0x00000000f1900000, 0x0000000100000000)
  eden space 202752K, 100% used [0x00000000e0000000,0x00000000ec600000,0x00000000ec600000)
  from space 20992K, 99% used [0x00000000ee480000,0x00000000ef8ff068,0x00000000ef900000)
  to   space 31232K, 0% used [0x00000000ec600000,0x00000000ec600000,0x00000000ee480000)
 ParOldGen       total 99328K, used 52793K [0x00000000a0000000, 0x00000000a6100000, 0x00000000e0000000)
  object space 99328K, 53% used [0x00000000a0000000,0x00000000a338e4d0,0x00000000a6100000)
 Metaspace       used 78188K, capacity 80570K, committed 80600K, reserved 1120256K
  class space    used 10225K, capacity 10734K, committed 10752K, reserved 1048576K
Event: 54.922 GC heap after
Heap after GC invocations=18 (full 3):
 PSYoungGen      total 233984K, used 31214K [0x00000000e0000000, 0x00000000f4800000, 0x0000000100000000)
  eden space 202752K, 0% used [0x00000000e0000000,0x00000000e0000000,0x00000000ec600000)
  from space 31232K, 99% used [0x00000000ec600000,0x00000000ee47b940,0x00000000ee480000)
  to   space 46080K, 0% used [0x00000000f1b00000,0x00000000f1b00000,0x00000000f4800000)
 ParOldGen       total 99328K, used 79056K [0x00000000a0000000, 0x00000000a6100000, 0x00000000e0000000)
  object space 99328K, 79% used [0x00000000a0000000,0x00000000a4d340f8,0x00000000a6100000)
 Metaspace       used 78188K, capacity 80570K, committed 80600K, reserved 1120256K
  class space    used 10225K, capacity 10734K, committed 10752K, reserved 1048576K
}
Event: 54.922 GC heap before
{Heap before GC invocations=19 (full 4):
 PSYoungGen      total 233984K, used 31214K [0x00000000e0000000, 0x00000000f4800000, 0x0000000100000000)
  eden space 202752K, 0% used [0x00000000e0000000,0x00000000e0000000,0x00000000ec600000)
  from space 31232K, 99% used [0x00000000ec600000,0x00000000ee47b940,0x00000000ee480000)
  to   space 46080K, 0% used [0x00000000f1b00000,0x00000000f1b00000,0x00000000f4800000)
 ParOldGen       total 99328K, used 79056K [0x00000000a0000000, 0x00000000a6100000, 0x00000000e0000000)
  object space 99328K, 79% used [0x00000000a0000000,0x00000000a4d340f8,0x00000000a6100000)
 Metaspace       used 78188K, capacity 80570K, committed 80600K, reserved 1120256K
  class space    used 10225K, capacity 10734K, committed 10752K, reserved 1048576K
Event: 55.934 GC heap after
Heap after GC invocations=19 (full 4):
 PSYoungGen      total 233984K, used 0K [0x00000000e0000000, 0x00000000f4800000, 0x0000000100000000)
  eden space 202752K, 0% used [0x00000000e0000000,0x00000000e0000000,0x00000000ec600000)
  from space 31232K, 0% used [0x00000000ec600000,0x00000000ec600000,0x00000000ee480000)
  to   space 46080K, 0% used [0x00000000f1b00000,0x00000000f1b00000,0x00000000f4800000)
 ParOldGen       total 99328K, used 70222K [0x00000000a0000000, 0x00000000a6100000, 0x00000000e0000000)
  object space 99328K, 70% used [0x00000000a0000000,0x00000000a44938c8,0x00000000a6100000)
 Metaspace       used 77916K, capacity 80234K, committed 80600K, reserved 1120256K
  class space    used 10199K, capacity 10688K, committed 10752K, reserved 1048576K
}

