# JRE version: OpenJDK Runtime Environment (8.0_152-b01) (build 1.8.0_152-release-1343-b01)
# Java VM: OpenJDK 64-Bit Server VM (25.152-b01 mixed mode windows-amd64 compressed oops)
Heap:
 PSYoungGen      total 276480K, used 76166K [0x00000000e0000000, 0x00000000f6300000, 0x0000000100000000)
  eden space 226816K, 11% used [0x00000000e0000000,0x00000000e19e3348,0x00000000edd80000)
  from space 49664K, 99% used [0x00000000f3280000,0x00000000f62fe5c0,0x00000000f6300000)
  to   space 48128K, 0% used [0x00000000edd80000,0x00000000edd80000,0x00000000f0c80000)
 ParOldGen       total 159232K, used 74968K [0x00000000a0000000, 0x00000000a9b80000, 0x00000000e0000000)
  object space 159232K, 47% used [0x00000000a0000000,0x00000000a4936198,0x00000000a9b80000)
 Metaspace       used 88281K, capacity 91522K, committed 91736K, reserved 1128448K
  class space    used 11444K, capacity 12108K, committed 12160K, reserved 1048576K
GC Heap History (10 events):
Event: 85.281 GC heap before
{Heap before GC invocations=20 (full 3):
 PSYoungGen      total 227328K, used 226321K [0x00000000e0000000, 0x00000000ef800000, 0x0000000100000000)
  eden space 208896K, 100% used [0x00000000e0000000,0x00000000ecc00000,0x00000000ecc00000)
  from space 18432K, 94% used [0x00000000ee600000,0x00000000ef704570,0x00000000ef800000)
  to   space 22528K, 0% used [0x00000000ecc00000,0x00000000ecc00000,0x00000000ee200000)
 ParOldGen       total 87040K, used 27560K [0x00000000a0000000, 0x00000000a5500000, 0x00000000e0000000)
  object space 87040K, 31% used [0x00000000a0000000,0x00000000a1aea180,0x00000000a5500000)
 Metaspace       used 75224K, capacity 77450K, committed 77528K, reserved 1116160K
  class space    used 9944K, capacity 10443K, committed 10496K, reserved 1048576K
Event: 85.577 GC heap after
Heap after GC invocations=20 (full 3):
 PSYoungGen      total 231424K, used 22512K [0x00000000e0000000, 0x00000000f2e00000, 0x0000000100000000)
  eden space 208896K, 0% used [0x00000000e0000000,0x00000000e0000000,0x00000000ecc00000)
  from space 22528K, 99% used [0x00000000ecc00000,0x00000000ee1fc258,0x00000000ee200000)
  to   space 34304K, 0% used [0x00000000f0c80000,0x00000000f0c80000,0x00000000f2e00000)
 ParOldGen       total 87040K, used 50521K [0x00000000a0000000, 0x00000000a5500000, 0x00000000e0000000)
  object space 87040K, 58% used [0x00000000a0000000,0x00000000a3156618,0x00000000a5500000)
 Metaspace       used 75224K, capacity 77450K, committed 77528K, reserved 1116160K
  class space    used 9944K, capacity 10443K, committed 10496K, reserved 1048576K
}
Event: 91.260 GC heap before
{Heap before GC invocations=21 (full 3):
 PSYoungGen      total 231424K, used 231408K [0x00000000e0000000, 0x00000000f2e00000, 0x0000000100000000)
  eden space 208896K, 100% used [0x00000000e0000000,0x00000000ecc00000,0x00000000ecc00000)
  from space 22528K, 99% used [0x00000000ecc00000,0x00000000ee1fc258,0x00000000ee200000)
  to   space 34304K, 0% used [0x00000000f0c80000,0x00000000f0c80000,0x00000000f2e00000)
 ParOldGen       total 87040K, used 50521K [0x00000000a0000000, 0x00000000a5500000, 0x00000000e0000000)
  object space 87040K, 58% used [0x00000000a0000000,0x00000000a3156618,0x00000000a5500000)
 Metaspace       used 78012K, capacity 80242K, committed 80344K, reserved 1118208K
  class space    used 10190K, capacity 10702K, committed 10752K, reserved 1048576K
Event: 91.427 GC heap after
Heap after GC invocations=21 (full 3):
 PSYoungGen      total 261120K, used 34282K [0x00000000e0000000, 0x00000000f4c80000, 0x0000000100000000)
  eden space 226816K, 0% used [0x00000000e0000000,0x00000000e0000000,0x00000000edd80000)
  from space 34304K, 99% used [0x00000000f0c80000,0x00000000f2dfab40,0x00000000f2e00000)
  to   space 48128K, 0% used [0x00000000edd80000,0x00000000edd80000,0x00000000f0c80000)
 ParOldGen       total 87040K, used 71027K [0x00000000a0000000, 0x00000000a5500000, 0x00000000e0000000)
  object space 87040K, 81% used [0x00000000a0000000,0x00000000a455cc70,0x00000000a5500000)
 Metaspace       used 78012K, capacity 80242K, committed 80344K, reserved 1118208K
  class space    used 10190K, capacity 10702K, committed 10752K, reserved 1048576K
}
Event: 91.427 GC heap before
{Heap before GC invocations=22 (full 4):
 PSYoungGen      total 261120K, used 34282K [0x00000000e0000000, 0x00000000f4c80000, 0x0000000100000000)
  eden space 226816K, 0% used [0x00000000e0000000,0x00000000e0000000,0x00000000edd80000)
  from space 34304K, 99% used [0x00000000f0c80000,0x00000000f2dfab40,0x00000000f2e00000)
  to   space 48128K, 0% used [0x00000000edd80000,0x00000000edd80000,0x00000000f0c80000)
 ParOldGen       total 87040K, used 71027K [0x00000000a0000000, 0x00000000a5500000, 0x00000000e0000000)
  object space 87040K, 81% used [0x00000000a0000000,0x00000000a455cc70,0x00000000a5500000)
 Metaspace       used 78012K, capacity 80242K, committed 80344K, reserved 1118208K
  class space    used 10190K, capacity 10702K, committed 10752K, reserved 1048576K
Event: 92.252 GC heap after
Heap after GC invocations=22 (full 4):
 PSYoungGen      total 261120K, used 0K [0x00000000e0000000, 0x00000000f4c80000, 0x0000000100000000)
  eden space 226816K, 0% used [0x00000000e0000000,0x00000000e0000000,0x00000000edd80000)
  from space 34304K, 0% used [0x00000000f0c80000,0x00000000f0c80000,0x00000000f2e00000)
  to   space 48128K, 0% used [0x00000000edd80000,0x00000000edd80000,0x00000000f0c80000)
 ParOldGen       total 159232K, used 70451K [0x00000000a0000000, 0x00000000a9b80000, 0x00000000e0000000)
  object space 159232K, 44% used [0x00000000a0000000,0x00000000a44ccf90,0x00000000a9b80000)
 Metaspace       used 77709K, capacity 79814K, committed 80344K, reserved 1118208K
  class space    used 10154K, capacity 10638K, committed 10752K, reserved 1048576K
}
Event: 100.121 GC heap before
{Heap before GC invocations=23 (full 4):
 PSYoungGen      total 261120K, used 226804K [0x00000000e0000000, 0x00000000f4c80000, 0x0000000100000000)
  eden space 226816K, 99% used [0x00000000e0000000,0x00000000edd7d3f8,0x00000000edd80000)
  from space 34304K, 0% used [0x00000000f0c80000,0x00000000f0c80000,0x00000000f2e00000)
  to   space 48128K, 0% used [0x00000000edd80000,0x00000000edd80000,0x00000000f0c80000)
 ParOldGen       total 159232K, used 70451K [0x00000000a0000000, 0x00000000a9b80000, 0x00000000e0000000)
  object space 159232K, 44% used [0x00000000a0000000,0x00000000a44ccf90,0x00000000a9b80000)
 Metaspace       used 87168K, capacity 90296K, committed 90584K, reserved 1128448K
  class space    used 11310K, capacity 11957K, committed 12032K, reserved 1048576K
Event: 100.178 GC heap after
Heap after GC invocations=23 (full 4):
 PSYoungGen      total 274944K, used 29255K [0x00000000e0000000, 0x00000000f6300000, 0x0000000100000000)
  eden space 226816K, 0% used [0x00000000e0000000,0x00000000e0000000,0x00000000edd80000)
  from space 48128K, 60% used [0x00000000edd80000,0x00000000efa11e98,0x00000000f0c80000)
  to   space 49664K, 0% used [0x00000000f3280000,0x00000000f3280000,0x00000000f6300000)
 ParOldGen       total 159232K, used 70459K [0x00000000a0000000, 0x00000000a9b80000, 0x00000000e0000000)
  object space 159232K, 44% used [0x00000000a0000000,0x00000000a44cef90,0x00000000a9b80000)
 Metaspace       used 87168K, capacity 90296K, committed 90584K, reserved 1128448K
  class space    used 11310K, capacity 11957K, committed 12032K, reserved 1048576K
}
Event: 105.831 GC heap before
{Heap before GC invocations=24 (full 4):
 PSYoungGen      total 274944K, used 256071K [0x00000000e0000000, 0x00000000f6300000, 0x0000000100000000)
  eden space 226816K, 100% used [0x00000000e0000000,0x00000000edd80000,0x00000000edd80000)
  from space 48128K, 60% used [0x00000000edd80000,0x00000000efa11e98,0x00000000f0c80000)
  to   space 49664K, 0% used [0x00000000f3280000,0x00000000f3280000,0x00000000f6300000)
 ParOldGen       total 159232K, used 70459K [0x00000000a0000000, 0x00000000a9b80000, 0x00000000e0000000)
  object space 159232K, 44% used [0x00000000a0000000,0x00000000a44cef90,0x00000000a9b80000)
 Metaspace       used 88270K, capacity 91522K, committed 91736K, reserved 1128448K
  class space    used 11444K, capacity 12108K, committed 12160K, reserved 1048576K
Event: 105.956 GC heap after
Heap after GC invocations=24 (full 4):
 PSYoungGen      total 276480K, used 49657K [0x00000000e0000000, 0x00000000f6300000, 0x0000000100000000)
  eden space 226816K, 0% used [0x00000000e0000000,0x00000000e0000000,0x00000000edd80000)
  from space 49664K, 99% used [0x00000000f3280000,0x00000000f62fe5c0,0x00000000f6300000)
  to   space 48128K, 0% used [0x00000000edd80000,0x00000000edd80000,0x00000000f0c80000)
 ParOldGen       total 159232K, used 74968K [0x00000000a0000000, 0x00000000a9b80000, 0x00000000e0000000)
  object space 159232K, 47% used [0x00000000a0000000,0x00000000a4936198,0x00000000a9b80000)
 Metaspace       used 88270K, capacity 91522K, committed 91736K, reserved 1128448K
  class space    used 11444K, capacity 12108K, committed 12160K, reserved 1048576K
}

