# JRE version: OpenJDK Runtime Environment (8.0_152-b01) (build 1.8.0_152-release-1343-b01)
# Java VM: OpenJDK 64-Bit Server VM (25.152-b01 mixed mode windows-amd64 compressed oops)
Heap:
 PSYoungGen      total 204800K, used 131735K [0x00000000e0000000, 0x00000000efc80000, 0x0000000100000000)
  eden space 186368K, 61% used [0x00000000e0000000,0x00000000e6fef2e0,0x00000000eb600000)
  from space 18432K, 92% used [0x00000000eb600000,0x00000000ec6b6ac0,0x00000000ec800000)
  to   space 20480K, 0% used [0x00000000ee880000,0x00000000ee880000,0x00000000efc80000)
 ParOldGen       total 99840K, used 33497K [0x00000000a0000000, 0x00000000a6180000, 0x00000000e0000000)
  object space 99840K, 33% used [0x00000000a0000000,0x00000000a20b6538,0x00000000a6180000)
 Metaspace       used 70734K, capacity 72866K, committed 73176K, reserved 1112064K
  class space    used 9409K, capacity 9893K, committed 9984K, reserved 1048576K
GC Heap History (10 events):
Event: 15.887 GC heap before
{Heap before GC invocations=12 (full 2):
 PSYoungGen      total 160768K, used 150528K [0x00000000e0000000, 0x00000000eb480000, 0x0000000100000000)
  eden space 150528K, 100% used [0x00000000e0000000,0x00000000e9300000,0x00000000e9300000)
  from space 10240K, 0% used [0x00000000e9300000,0x00000000e9300000,0x00000000e9d00000)
  to   space 12800K, 0% used [0x00000000ea800000,0x00000000ea800000,0x00000000eb480000)
 ParOldGen       total 66048K, used 19598K [0x00000000a0000000, 0x00000000a4080000, 0x00000000e0000000)
  object space 66048K, 29% used [0x00000000a0000000,0x00000000a1323998,0x00000000a4080000)
 Metaspace       used 47441K, capacity 48394K, committed 48728K, reserved 1091584K
  class space    used 6417K, capacity 6688K, committed 6784K, reserved 1048576K
Event: 15.931 GC heap after
Heap after GC invocations=12 (full 2):
 PSYoungGen      total 168448K, used 12794K [0x00000000e0000000, 0x00000000ed780000, 0x0000000100000000)
  eden space 155648K, 0% used [0x00000000e0000000,0x00000000e0000000,0x00000000e9800000)
  from space 12800K, 99% used [0x00000000ea800000,0x00000000eb47e9a8,0x00000000eb480000)
  to   space 16384K, 0% used [0x00000000e9800000,0x00000000e9800000,0x00000000ea800000)
 ParOldGen       total 66048K, used 24885K [0x00000000a0000000, 0x00000000a4080000, 0x00000000e0000000)
  object space 66048K, 37% used [0x00000000a0000000,0x00000000a184d528,0x00000000a4080000)
 Metaspace       used 47441K, capacity 48394K, committed 48728K, reserved 1091584K
  class space    used 6417K, capacity 6688K, committed 6784K, reserved 1048576K
}
Event: 18.563 GC heap before
{Heap before GC invocations=13 (full 2):
 PSYoungGen      total 168448K, used 111875K [0x00000000e0000000, 0x00000000ed780000, 0x0000000100000000)
  eden space 155648K, 63% used [0x00000000e0000000,0x00000000e60c22e8,0x00000000e9800000)
  from space 12800K, 99% used [0x00000000ea800000,0x00000000eb47e9a8,0x00000000eb480000)
  to   space 16384K, 0% used [0x00000000e9800000,0x00000000e9800000,0x00000000ea800000)
 ParOldGen       total 66048K, used 24885K [0x00000000a0000000, 0x00000000a4080000, 0x00000000e0000000)
  object space 66048K, 37% used [0x00000000a0000000,0x00000000a184d528,0x00000000a4080000)
 Metaspace       used 57515K, capacity 58854K, committed 59028K, reserved 1099776K
  class space    used 7733K, capacity 8080K, committed 8192K, reserved 1048576K
Event: 18.591 GC heap after
Heap after GC invocations=13 (full 2):
 PSYoungGen      total 172032K, used 11042K [0x00000000e0000000, 0x00000000edc80000, 0x0000000100000000)
  eden space 155648K, 0% used [0x00000000e0000000,0x00000000e0000000,0x00000000e9800000)
  from space 16384K, 67% used [0x00000000e9800000,0x00000000ea2c8a00,0x00000000ea800000)
  to   space 16896K, 0% used [0x00000000ecc00000,0x00000000ecc00000,0x00000000edc80000)
 ParOldGen       total 66048K, used 33645K [0x00000000a0000000, 0x00000000a4080000, 0x00000000e0000000)
  object space 66048K, 50% used [0x00000000a0000000,0x00000000a20db600,0x00000000a4080000)
 Metaspace       used 57515K, capacity 58854K, committed 59028K, reserved 1099776K
  class space    used 7733K, capacity 8080K, committed 8192K, reserved 1048576K
}
Event: 18.591 GC heap before
{Heap before GC invocations=14 (full 3):
 PSYoungGen      total 172032K, used 11042K [0x00000000e0000000, 0x00000000edc80000, 0x0000000100000000)
  eden space 155648K, 0% used [0x00000000e0000000,0x00000000e0000000,0x00000000e9800000)
  from space 16384K, 67% used [0x00000000e9800000,0x00000000ea2c8a00,0x00000000ea800000)
  to   space 16896K, 0% used [0x00000000ecc00000,0x00000000ecc00000,0x00000000edc80000)
 ParOldGen       total 66048K, used 33645K [0x00000000a0000000, 0x00000000a4080000, 0x00000000e0000000)
  object space 66048K, 50% used [0x00000000a0000000,0x00000000a20db600,0x00000000a4080000)
 Metaspace       used 57515K, capacity 58854K, committed 59028K, reserved 1099776K
  class space    used 7733K, capacity 8080K, committed 8192K, reserved 1048576K
Event: 18.857 GC heap after
Heap after GC invocations=14 (full 3):
 PSYoungGen      total 172032K, used 0K [0x00000000e0000000, 0x00000000edc80000, 0x0000000100000000)
  eden space 155648K, 0% used [0x00000000e0000000,0x00000000e0000000,0x00000000e9800000)
  from space 16384K, 0% used [0x00000000e9800000,0x00000000e9800000,0x00000000ea800000)
  to   space 16896K, 0% used [0x00000000ecc00000,0x00000000ecc00000,0x00000000edc80000)
 ParOldGen       total 99840K, used 33481K [0x00000000a0000000, 0x00000000a6180000, 0x00000000e0000000)
  object space 99840K, 33% used [0x00000000a0000000,0x00000000a20b2538,0x00000000a6180000)
 Metaspace       used 57515K, capacity 58854K, committed 59028K, reserved 1099776K
  class space    used 7733K, capacity 8080K, committed 8192K, reserved 1048576K
}
Event: 24.932 GC heap before
{Heap before GC invocations=15 (full 3):
 PSYoungGen      total 172032K, used 155648K [0x00000000e0000000, 0x00000000edc80000, 0x0000000100000000)
  eden space 155648K, 100% used [0x00000000e0000000,0x00000000e9800000,0x00000000e9800000)
  from space 16384K, 0% used [0x00000000e9800000,0x00000000e9800000,0x00000000ea800000)
  to   space 16896K, 0% used [0x00000000ecc00000,0x00000000ecc00000,0x00000000edc80000)
 ParOldGen       total 99840K, used 33481K [0x00000000a0000000, 0x00000000a6180000, 0x00000000e0000000)
  object space 99840K, 33% used [0x00000000a0000000,0x00000000a20b2538,0x00000000a6180000)
 Metaspace       used 62397K, capacity 64298K, committed 64344K, reserved 1105920K
  class space    used 8375K, capacity 8824K, committed 8832K, reserved 1048576K
Event: 24.959 GC heap after
Heap after GC invocations=15 (full 3):
 PSYoungGen      total 200192K, used 13881K [0x00000000e0000000, 0x00000000eda00000, 0x0000000100000000)
  eden space 185856K, 0% used [0x00000000e0000000,0x00000000e0000000,0x00000000eb580000)
  from space 14336K, 96% used [0x00000000ecc00000,0x00000000ed98e508,0x00000000eda00000)
  to   space 18432K, 0% used [0x00000000eb600000,0x00000000eb600000,0x00000000ec800000)
 ParOldGen       total 99840K, used 33489K [0x00000000a0000000, 0x00000000a6180000, 0x00000000e0000000)
  object space 99840K, 33% used [0x00000000a0000000,0x00000000a20b4538,0x00000000a6180000)
 Metaspace       used 62397K, capacity 64298K, committed 64344K, reserved 1105920K
  class space    used 8375K, capacity 8824K, committed 8832K, reserved 1048576K
}
Event: 37.743 GC heap before
{Heap before GC invocations=16 (full 3):
 PSYoungGen      total 200192K, used 199737K [0x00000000e0000000, 0x00000000eda00000, 0x0000000100000000)
  eden space 185856K, 100% used [0x00000000e0000000,0x00000000eb580000,0x00000000eb580000)
  from space 14336K, 96% used [0x00000000ecc00000,0x00000000ed98e508,0x00000000eda00000)
  to   space 18432K, 0% used [0x00000000eb600000,0x00000000eb600000,0x00000000ec800000)
 ParOldGen       total 99840K, used 33489K [0x00000000a0000000, 0x00000000a6180000, 0x00000000e0000000)
  object space 99840K, 33% used [0x00000000a0000000,0x00000000a20b4538,0x00000000a6180000)
 Metaspace       used 65457K, capacity 67358K, committed 67544K, reserved 1107968K
  class space    used 8675K, capacity 9110K, committed 9216K, reserved 1048576K
Event: 37.804 GC heap after
Heap after GC invocations=16 (full 3):
 PSYoungGen      total 204800K, used 17114K [0x00000000e0000000, 0x00000000efc80000, 0x0000000100000000)
  eden space 186368K, 0% used [0x00000000e0000000,0x00000000e0000000,0x00000000eb600000)
  from space 18432K, 92% used [0x00000000eb600000,0x00000000ec6b6ac0,0x00000000ec800000)
  to   space 20480K, 0% used [0x00000000ee880000,0x00000000ee880000,0x00000000efc80000)
 ParOldGen       total 99840K, used 33497K [0x00000000a0000000, 0x00000000a6180000, 0x00000000e0000000)
  object space 99840K, 33% used [0x00000000a0000000,0x00000000a20b6538,0x00000000a6180000)
 Metaspace       used 65457K, capacity 67358K, committed 67544K, reserved 1107968K
  class space    used 8675K, capacity 9110K, committed 9216K, reserved 1048576K
}

