# JRE version: OpenJDK Runtime Environment (8.0_152-b01) (build 1.8.0_152-release-1343-b01)
# Java VM: OpenJDK 64-Bit Server VM (25.152-b01 mixed mode windows-amd64 compressed oops)
Heap:
 PSYoungGen      total 469504K, used 207757K [0x00000000e0000000, 0x00000000ffd80000, 0x0000000100000000)
  eden space 416256K, 47% used [0x00000000e0000000,0x00000000ebf8b5f8,0x00000000f9680000)
  from space 53248K, 21% used [0x00000000f9680000,0x00000000fa1d8010,0x00000000fca80000)
  to   space 51200K, 0% used [0x00000000fcb80000,0x00000000fcb80000,0x00000000ffd80000)
 ParOldGen       total 196096K, used 49434K [0x00000000a0000000, 0x00000000abf80000, 0x00000000e0000000)
  object space 196096K, 25% used [0x00000000a0000000,0x00000000a30468d8,0x00000000abf80000)
 Metaspace       used 103741K, capacity 107487K, committed 108968K, reserved 1144832K
  class space    used 12866K, capacity 13559K, committed 13992K, reserved 1048576K
GC Heap History (10 events):
Event: 2364.802 GC heap before
{Heap before GC invocations=43 (full 4):
 PSYoungGen      total 455680K, used 455677K [0x00000000e0000000, 0x0000000100000000, 0x0000000100000000)
  eden space 414720K, 100% used [0x00000000e0000000,0x00000000f9500000,0x00000000f9500000)
  from space 40960K, 99% used [0x00000000fd480000,0x00000000ffc7f7c0,0x00000000ffc80000)
  to   space 54784K, 0% used [0x00000000f9500000,0x00000000f9500000,0x00000000fca80000)
 ParOldGen       total 172032K, used 147460K [0x00000000a0000000, 0x00000000aa800000, 0x00000000e0000000)
  object space 172032K, 85% used [0x00000000a0000000,0x00000000a90010b0,0x00000000aa800000)
 Metaspace       used 103512K, capacity 107928K, committed 108200K, reserved 1142784K
  class space    used 12955K, capacity 13779K, committed 13992K, reserved 1048576K
Event: 2365.279 GC heap after
Heap after GC invocations=43 (full 4):
 PSYoungGen      total 469504K, used 10914K [0x00000000e0000000, 0x0000000100000000, 0x0000000100000000)
  eden space 414720K, 0% used [0x00000000e0000000,0x00000000e0000000,0x00000000f9500000)
  from space 54784K, 19% used [0x00000000f9500000,0x00000000f9fa8ae8,0x00000000fca80000)
  to   space 53248K, 0% used [0x00000000fcc00000,0x00000000fcc00000,0x0000000100000000)
 ParOldGen       total 173568K, used 173345K [0x00000000a0000000, 0x00000000aa980000, 0x00000000e0000000)
  object space 173568K, 99% used [0x00000000a0000000,0x00000000aa948678,0x00000000aa980000)
 Metaspace       used 103512K, capacity 107928K, committed 108200K, reserved 1142784K
  class space    used 12955K, capacity 13779K, committed 13992K, reserved 1048576K
}
Event: 2365.280 GC heap before
{Heap before GC invocations=44 (full 5):
 PSYoungGen      total 469504K, used 10914K [0x00000000e0000000, 0x0000000100000000, 0x0000000100000000)
  eden space 414720K, 0% used [0x00000000e0000000,0x00000000e0000000,0x00000000f9500000)
  from space 54784K, 19% used [0x00000000f9500000,0x00000000f9fa8ae8,0x00000000fca80000)
  to   space 53248K, 0% used [0x00000000fcc00000,0x00000000fcc00000,0x0000000100000000)
 ParOldGen       total 173568K, used 173345K [0x00000000a0000000, 0x00000000aa980000, 0x00000000e0000000)
  object space 173568K, 99% used [0x00000000a0000000,0x00000000aa948678,0x00000000aa980000)
 Metaspace       used 103512K, capacity 107928K, committed 108200K, reserved 1142784K
  class space    used 12955K, capacity 13779K, committed 13992K, reserved 1048576K
Event: 2366.546 GC heap after
Heap after GC invocations=44 (full 5):
 PSYoungGen      total 469504K, used 0K [0x00000000e0000000, 0x0000000100000000, 0x0000000100000000)
  eden space 414720K, 0% used [0x00000000e0000000,0x00000000e0000000,0x00000000f9500000)
  from space 54784K, 0% used [0x00000000f9500000,0x00000000f9500000,0x00000000fca80000)
  to   space 53248K, 0% used [0x00000000fcc00000,0x00000000fcc00000,0x0000000100000000)
 ParOldGen       total 196096K, used 84235K [0x00000000a0000000, 0x00000000abf80000, 0x00000000e0000000)
  object space 196096K, 42% used [0x00000000a0000000,0x00000000a5242f78,0x00000000abf80000)
 Metaspace       used 103259K, capacity 107156K, committed 108200K, reserved 1142784K
  class space    used 12871K, capacity 13633K, committed 13992K, reserved 1048576K
}
Event: 5966.548 GC heap before
{Heap before GC invocations=45 (full 5):
 PSYoungGen      total 469504K, used 245301K [0x00000000e0000000, 0x0000000100000000, 0x0000000100000000)
  eden space 414720K, 59% used [0x00000000e0000000,0x00000000eef8d698,0x00000000f9500000)
  from space 54784K, 0% used [0x00000000f9500000,0x00000000f9500000,0x00000000fca80000)
  to   space 53248K, 0% used [0x00000000fcc00000,0x00000000fcc00000,0x0000000100000000)
 ParOldGen       total 196096K, used 84235K [0x00000000a0000000, 0x00000000abf80000, 0x00000000e0000000)
  object space 196096K, 42% used [0x00000000a0000000,0x00000000a5242f78,0x00000000abf80000)
 Metaspace       used 104224K, capacity 108158K, committed 108968K, reserved 1144832K
  class space    used 13009K, capacity 13762K, committed 13992K, reserved 1048576K
Event: 5966.747 GC heap after
Heap after GC invocations=45 (full 5):
 PSYoungGen      total 467968K, used 3671K [0x00000000e0000000, 0x00000000ffe80000, 0x0000000100000000)
  eden space 416256K, 0% used [0x00000000e0000000,0x00000000e0000000,0x00000000f9680000)
  from space 51712K, 7% used [0x00000000fcc00000,0x00000000fcf95c88,0x00000000ffe80000)
  to   space 53248K, 0% used [0x00000000f9680000,0x00000000f9680000,0x00000000fca80000)
 ParOldGen       total 196096K, used 84243K [0x00000000a0000000, 0x00000000abf80000, 0x00000000e0000000)
  object space 196096K, 42% used [0x00000000a0000000,0x00000000a5244f78,0x00000000abf80000)
 Metaspace       used 104224K, capacity 108158K, committed 108968K, reserved 1144832K
  class space    used 13009K, capacity 13762K, committed 13992K, reserved 1048576K
}
Event: 5966.747 GC heap before
{Heap before GC invocations=46 (full 6):
 PSYoungGen      total 467968K, used 3671K [0x00000000e0000000, 0x00000000ffe80000, 0x0000000100000000)
  eden space 416256K, 0% used [0x00000000e0000000,0x00000000e0000000,0x00000000f9680000)
  from space 51712K, 7% used [0x00000000fcc00000,0x00000000fcf95c88,0x00000000ffe80000)
  to   space 53248K, 0% used [0x00000000f9680000,0x00000000f9680000,0x00000000fca80000)
 ParOldGen       total 196096K, used 84243K [0x00000000a0000000, 0x00000000abf80000, 0x00000000e0000000)
  object space 196096K, 42% used [0x00000000a0000000,0x00000000a5244f78,0x00000000abf80000)
 Metaspace       used 104224K, capacity 108158K, committed 108968K, reserved 1144832K
  class space    used 13009K, capacity 13762K, committed 13992K, reserved 1048576K
Event: 5967.909 GC heap after
Heap after GC invocations=46 (full 6):
 PSYoungGen      total 467968K, used 0K [0x00000000e0000000, 0x00000000ffe80000, 0x0000000100000000)
  eden space 416256K, 0% used [0x00000000e0000000,0x00000000e0000000,0x00000000f9680000)
  from space 51712K, 0% used [0x00000000fcc00000,0x00000000fcc00000,0x00000000ffe80000)
  to   space 53248K, 0% used [0x00000000f9680000,0x00000000f9680000,0x00000000fca80000)
 ParOldGen       total 196096K, used 49426K [0x00000000a0000000, 0x00000000abf80000, 0x00000000e0000000)
  object space 196096K, 25% used [0x00000000a0000000,0x00000000a30448d8,0x00000000abf80000)
 Metaspace       used 102483K, capacity 105746K, committed 108968K, reserved 1144832K
  class space    used 12753K, capacity 13382K, committed 13992K, reserved 1048576K
}
Event: 7521.680 GC heap before
{Heap before GC invocations=47 (full 6):
 PSYoungGen      total 467968K, used 416256K [0x00000000e0000000, 0x00000000ffe80000, 0x0000000100000000)
  eden space 416256K, 100% used [0x00000000e0000000,0x00000000f9680000,0x00000000f9680000)
  from space 51712K, 0% used [0x00000000fcc00000,0x00000000fcc00000,0x00000000ffe80000)
  to   space 53248K, 0% used [0x00000000f9680000,0x00000000f9680000,0x00000000fca80000)
 ParOldGen       total 196096K, used 49426K [0x00000000a0000000, 0x00000000abf80000, 0x00000000e0000000)
  object space 196096K, 25% used [0x00000000a0000000,0x00000000a30448d8,0x00000000abf80000)
 Metaspace       used 103620K, capacity 107389K, committed 108968K, reserved 1144832K
  class space    used 12862K, capacity 13554K, committed 13992K, reserved 1048576K
Event: 7524.504 GC heap after
Heap after GC invocations=47 (full 6):
 PSYoungGen      total 469504K, used 11616K [0x00000000e0000000, 0x00000000ffd80000, 0x0000000100000000)
  eden space 416256K, 0% used [0x00000000e0000000,0x00000000e0000000,0x00000000f9680000)
  from space 53248K, 21% used [0x00000000f9680000,0x00000000fa1d8010,0x00000000fca80000)
  to   space 51200K, 0% used [0x00000000fcb80000,0x00000000fcb80000,0x00000000ffd80000)
 ParOldGen       total 196096K, used 49434K [0x00000000a0000000, 0x00000000abf80000, 0x00000000e0000000)
  object space 196096K, 25% used [0x00000000a0000000,0x00000000a30468d8,0x00000000abf80000)
 Metaspace       used 103620K, capacity 107389K, committed 108968K, reserved 1144832K
  class space    used 12862K, capacity 13554K, committed 13992K, reserved 1048576K
}

