# JRE version: OpenJDK Runtime Environment (8.0_152-b01) (build 1.8.0_152-release-1343-b01)
# Java VM: OpenJDK 64-Bit Server VM (25.152-b01 mixed mode windows-amd64 compressed oops)
Heap:
 PSYoungGen      total 330752K, used 8636K [0x00000000e0000000, 0x00000000f9980000, 0x0000000100000000)
  eden space 270336K, 3% used [0x00000000e0000000,0x00000000e086f0e0,0x00000000f0800000)
  from space 60416K, 0% used [0x00000000f0800000,0x00000000f0800000,0x00000000f4300000)
  to   space 42496K, 0% used [0x00000000f4300000,0x00000000f4300000,0x00000000f6c80000)
 ParOldGen       total 228864K, used 112746K [0x00000000a0000000, 0x00000000adf80000, 0x00000000e0000000)
  object space 228864K, 49% used [0x00000000a0000000,0x00000000a6e1a920,0x00000000adf80000)
 Metaspace       used 88397K, capacity 91324K, committed 91992K, reserved 1128448K
  class space    used 11401K, capacity 11997K, committed 12160K, reserved 1048576K
GC Heap History (10 events):
Event: 98.214 GC heap before
{Heap before GC invocations=22 (full 4):
 PSYoungGen      total 276992K, used 30716K [0x00000000e0000000, 0x00000000f5180000, 0x0000000100000000)
  eden space 246272K, 0% used [0x00000000e0000000,0x00000000e0000000,0x00000000ef080000)
  from space 30720K, 99% used [0x00000000f1a80000,0x00000000f387f068,0x00000000f3880000)
  to   space 43008K, 0% used [0x00000000ef080000,0x00000000ef080000,0x00000000f1a80000)
 ParOldGen       total 84480K, used 79703K [0x00000000a0000000, 0x00000000a5280000, 0x00000000e0000000)
  object space 84480K, 94% used [0x00000000a0000000,0x00000000a4dd5ed8,0x00000000a5280000)
 Metaspace       used 78056K, capacity 80418K, committed 80600K, reserved 1120256K
  class space    used 10204K, capacity 10736K, committed 10752K, reserved 1048576K
Event: 98.518 GC heap after
Heap after GC invocations=22 (full 4):
 PSYoungGen      total 276992K, used 0K [0x00000000e0000000, 0x00000000f5180000, 0x0000000100000000)
  eden space 246272K, 0% used [0x00000000e0000000,0x00000000e0000000,0x00000000ef080000)
  from space 30720K, 0% used [0x00000000f1a80000,0x00000000f1a80000,0x00000000f3880000)
  to   space 43008K, 0% used [0x00000000ef080000,0x00000000ef080000,0x00000000f1a80000)
 ParOldGen       total 163840K, used 76787K [0x00000000a0000000, 0x00000000aa000000, 0x00000000e0000000)
  object space 163840K, 46% used [0x00000000a0000000,0x00000000a4afcc00,0x00000000aa000000)
 Metaspace       used 77752K, capacity 79986K, committed 80600K, reserved 1120256K
  class space    used 10168K, capacity 10672K, committed 10752K, reserved 1048576K
}
Event: 108.514 GC heap before
{Heap before GC invocations=23 (full 4):
 PSYoungGen      total 276992K, used 246266K [0x00000000e0000000, 0x00000000f5180000, 0x0000000100000000)
  eden space 246272K, 99% used [0x00000000e0000000,0x00000000ef07eba8,0x00000000ef080000)
  from space 30720K, 0% used [0x00000000f1a80000,0x00000000f1a80000,0x00000000f3880000)
  to   space 43008K, 0% used [0x00000000ef080000,0x00000000ef080000,0x00000000f1a80000)
 ParOldGen       total 163840K, used 76787K [0x00000000a0000000, 0x00000000aa000000, 0x00000000e0000000)
  object space 163840K, 46% used [0x00000000a0000000,0x00000000a4afcc00,0x00000000aa000000)
 Metaspace       used 87343K, capacity 90500K, committed 90584K, reserved 1128448K
  class space    used 11330K, capacity 11989K, committed 12032K, reserved 1048576K
Event: 108.608 GC heap after
Heap after GC invocations=23 (full 4):
 PSYoungGen      total 289280K, used 21445K [0x00000000e0000000, 0x00000000f6c80000, 0x0000000100000000)
  eden space 246272K, 0% used [0x00000000e0000000,0x00000000e0000000,0x00000000ef080000)
  from space 43008K, 49% used [0x00000000ef080000,0x00000000f0571450,0x00000000f1a80000)
  to   space 42496K, 0% used [0x00000000f4300000,0x00000000f4300000,0x00000000f6c80000)
 ParOldGen       total 163840K, used 76795K [0x00000000a0000000, 0x00000000aa000000, 0x00000000e0000000)
  object space 163840K, 46% used [0x00000000a0000000,0x00000000a4afec00,0x00000000aa000000)
 Metaspace       used 87343K, capacity 90500K, committed 90584K, reserved 1128448K
  class space    used 11330K, capacity 11989K, committed 12032K, reserved 1048576K
}
Event: 116.124 GC heap before
{Heap before GC invocations=24 (full 4):
 PSYoungGen      total 289280K, used 267680K [0x00000000e0000000, 0x00000000f6c80000, 0x0000000100000000)
  eden space 246272K, 99% used [0x00000000e0000000,0x00000000ef076f88,0x00000000ef080000)
  from space 43008K, 49% used [0x00000000ef080000,0x00000000f0571450,0x00000000f1a80000)
  to   space 42496K, 0% used [0x00000000f4300000,0x00000000f4300000,0x00000000f6c80000)
 ParOldGen       total 163840K, used 76795K [0x00000000a0000000, 0x00000000aa000000, 0x00000000e0000000)
  object space 163840K, 46% used [0x00000000a0000000,0x00000000a4afec00,0x00000000aa000000)
 Metaspace       used 88457K, capacity 91710K, committed 91992K, reserved 1128448K
  class space    used 11466K, capacity 12114K, committed 12160K, reserved 1048576K
Event: 116.481 GC heap after
Heap after GC invocations=24 (full 4):
 PSYoungGen      total 312832K, used 42493K [0x00000000e0000000, 0x00000000f9980000, 0x0000000100000000)
  eden space 270336K, 0% used [0x00000000e0000000,0x00000000e0000000,0x00000000f0800000)
  from space 42496K, 99% used [0x00000000f4300000,0x00000000f6c7f478,0x00000000f6c80000)
  to   space 60416K, 0% used [0x00000000f0800000,0x00000000f0800000,0x00000000f4300000)
 ParOldGen       total 163840K, used 104756K [0x00000000a0000000, 0x00000000aa000000, 0x00000000e0000000)
  object space 163840K, 63% used [0x00000000a0000000,0x00000000a664d278,0x00000000aa000000)
 Metaspace       used 88457K, capacity 91710K, committed 91992K, reserved 1128448K
  class space    used 11466K, capacity 12114K, committed 12160K, reserved 1048576K
}
Event: 121.469 GC heap before
{Heap before GC invocations=25 (full 4):
 PSYoungGen      total 312832K, used 312829K [0x00000000e0000000, 0x00000000f9980000, 0x0000000100000000)
  eden space 270336K, 100% used [0x00000000e0000000,0x00000000f0800000,0x00000000f0800000)
  from space 42496K, 99% used [0x00000000f4300000,0x00000000f6c7f478,0x00000000f6c80000)
  to   space 60416K, 0% used [0x00000000f0800000,0x00000000f0800000,0x00000000f4300000)
 ParOldGen       total 163840K, used 104756K [0x00000000a0000000, 0x00000000aa000000, 0x00000000e0000000)
  object space 163840K, 63% used [0x00000000a0000000,0x00000000a664d278,0x00000000aa000000)
 Metaspace       used 88598K, capacity 91858K, committed 91992K, reserved 1128448K
  class space    used 11471K, capacity 12120K, committed 12160K, reserved 1048576K
Event: 121.735 GC heap after
Heap after GC invocations=25 (full 4):
 PSYoungGen      total 330752K, used 60090K [0x00000000e0000000, 0x00000000f9980000, 0x0000000100000000)
  eden space 270336K, 0% used [0x00000000e0000000,0x00000000e0000000,0x00000000f0800000)
  from space 60416K, 99% used [0x00000000f0800000,0x00000000f42aeb38,0x00000000f4300000)
  to   space 42496K, 0% used [0x00000000f4300000,0x00000000f4300000,0x00000000f6c80000)
 ParOldGen       total 163840K, used 136804K [0x00000000a0000000, 0x00000000aa000000, 0x00000000e0000000)
  object space 163840K, 83% used [0x00000000a0000000,0x00000000a8599208,0x00000000aa000000)
 Metaspace       used 88598K, capacity 91858K, committed 91992K, reserved 1128448K
  class space    used 11471K, capacity 12120K, committed 12160K, reserved 1048576K
}
Event: 121.735 GC heap before
{Heap before GC invocations=26 (full 5):
 PSYoungGen      total 330752K, used 60090K [0x00000000e0000000, 0x00000000f9980000, 0x0000000100000000)
  eden space 270336K, 0% used [0x00000000e0000000,0x00000000e0000000,0x00000000f0800000)
  from space 60416K, 99% used [0x00000000f0800000,0x00000000f42aeb38,0x00000000f4300000)
  to   space 42496K, 0% used [0x00000000f4300000,0x00000000f4300000,0x00000000f6c80000)
 ParOldGen       total 163840K, used 136804K [0x00000000a0000000, 0x00000000aa000000, 0x00000000e0000000)
  object space 163840K, 83% used [0x00000000a0000000,0x00000000a8599208,0x00000000aa000000)
 Metaspace       used 88598K, capacity 91858K, committed 91992K, reserved 1128448K
  class space    used 11471K, capacity 12120K, committed 12160K, reserved 1048576K
Event: 124.104 GC heap after
Heap after GC invocations=26 (full 5):
 PSYoungGen      total 330752K, used 0K [0x00000000e0000000, 0x00000000f9980000, 0x0000000100000000)
  eden space 270336K, 0% used [0x00000000e0000000,0x00000000e0000000,0x00000000f0800000)
  from space 60416K, 0% used [0x00000000f0800000,0x00000000f0800000,0x00000000f4300000)
  to   space 42496K, 0% used [0x00000000f4300000,0x00000000f4300000,0x00000000f6c80000)
 ParOldGen       total 228864K, used 112746K [0x00000000a0000000, 0x00000000adf80000, 0x00000000e0000000)
  object space 228864K, 49% used [0x00000000a0000000,0x00000000a6e1a920,0x00000000adf80000)
 Metaspace       used 88397K, capacity 91324K, committed 91992K, reserved 1128448K
  class space    used 11401K, capacity 11997K, committed 12160K, reserved 1048576K
}

