# JRE version: OpenJDK Runtime Environment (8.0_152-b01) (build 1.8.0_152-release-1343-b01)
# Java VM: OpenJDK 64-Bit Server VM (25.152-b01 mixed mode windows-amd64 compressed oops)
Heap:
 PSYoungGen      total 273920K, used 199658K [0x00000000e0000000, 0x00000000f5500000, 0x0000000100000000)
  eden space 243200K, 82% used [0x00000000e0000000,0x00000000ec2fa9a0,0x00000000eed80000)
  from space 30720K, 0% used [0x00000000f1880000,0x00000000f1880000,0x00000000f3680000)
  to   space 44032K, 0% used [0x00000000eed80000,0x00000000eed80000,0x00000000f1880000)
 ParOldGen       total 82944K, used 76262K [0x00000000a0000000, 0x00000000a5100000, 0x00000000e0000000)
  object space 82944K, 91% used [0x00000000a0000000,0x00000000a4a798c0,0x00000000a5100000)
 Metaspace       used 88029K, capacity 90948K, committed 91480K, reserved 1128448K
  class space    used 11402K, capacity 11999K, committed 12160K, reserved 1048576K
GC Heap History (10 events):
Event: 46.440 GC heap before
{Heap before GC invocations=19 (full 3):
 PSYoungGen      total 195072K, used 192132K [0x00000000e0000000, 0x00000000f0700000, 0x0000000100000000)
  eden space 176640K, 100% used [0x00000000e0000000,0x00000000eac80000,0x00000000eac80000)
  from space 18432K, 84% used [0x00000000eac80000,0x00000000ebba11b8,0x00000000ebe80000)
  to   space 20480K, 0% used [0x00000000ef300000,0x00000000ef300000,0x00000000f0700000)
 ParOldGen       total 82944K, used 27258K [0x00000000a0000000, 0x00000000a5100000, 0x00000000e0000000)
  object space 82944K, 32% used [0x00000000a0000000,0x00000000a1a9ea80,0x00000000a5100000)
 Metaspace       used 65484K, capacity 67380K, committed 67544K, reserved 1107968K
  class space    used 8675K, capacity 9103K, committed 9216K, reserved 1048576K
Event: 46.485 GC heap after
Heap after GC invocations=19 (full 3):
 PSYoungGen      total 234496K, used 6338K [0x00000000e0000000, 0x00000000eff00000, 0x0000000100000000)
  eden space 222208K, 0% used [0x00000000e0000000,0x00000000e0000000,0x00000000ed900000)
  from space 12288K, 51% used [0x00000000ef300000,0x00000000ef930b38,0x00000000eff00000)
  to   space 19456K, 0% used [0x00000000ed900000,0x00000000ed900000,0x00000000eec00000)
 ParOldGen       total 82944K, used 38397K [0x00000000a0000000, 0x00000000a5100000, 0x00000000e0000000)
  object space 82944K, 46% used [0x00000000a0000000,0x00000000a257f408,0x00000000a5100000)
 Metaspace       used 65484K, capacity 67380K, committed 67544K, reserved 1107968K
  class space    used 8675K, capacity 9103K, committed 9216K, reserved 1048576K
}
Event: 63.707 GC heap before
{Heap before GC invocations=20 (full 3):
 PSYoungGen      total 234496K, used 228546K [0x00000000e0000000, 0x00000000eff00000, 0x0000000100000000)
  eden space 222208K, 100% used [0x00000000e0000000,0x00000000ed900000,0x00000000ed900000)
  from space 12288K, 51% used [0x00000000ef300000,0x00000000ef930b38,0x00000000eff00000)
  to   space 19456K, 0% used [0x00000000ed900000,0x00000000ed900000,0x00000000eec00000)
 ParOldGen       total 82944K, used 38397K [0x00000000a0000000, 0x00000000a5100000, 0x00000000e0000000)
  object space 82944K, 46% used [0x00000000a0000000,0x00000000a257f408,0x00000000a5100000)
 Metaspace       used 75818K, capacity 78006K, committed 78168K, reserved 1116160K
  class space    used 9998K, capacity 10508K, committed 10624K, reserved 1048576K
Event: 63.789 GC heap after
Heap after GC invocations=20 (full 3):
 PSYoungGen      total 241664K, used 19428K [0x00000000e0000000, 0x00000000f3680000, 0x0000000100000000)
  eden space 222208K, 0% used [0x00000000e0000000,0x00000000e0000000,0x00000000ed900000)
  from space 19456K, 99% used [0x00000000ed900000,0x00000000eebf93e8,0x00000000eec00000)
  to   space 30720K, 0% used [0x00000000f1880000,0x00000000f1880000,0x00000000f3680000)
 ParOldGen       total 82944K, used 60085K [0x00000000a0000000, 0x00000000a5100000, 0x00000000e0000000)
  object space 82944K, 72% used [0x00000000a0000000,0x00000000a3aad438,0x00000000a5100000)
 Metaspace       used 75818K, capacity 78006K, committed 78168K, reserved 1116160K
  class space    used 9998K, capacity 10508K, committed 10624K, reserved 1048576K
}
Event: 68.547 GC heap before
{Heap before GC invocations=21 (full 3):
 PSYoungGen      total 241664K, used 241636K [0x00000000e0000000, 0x00000000f3680000, 0x0000000100000000)
  eden space 222208K, 100% used [0x00000000e0000000,0x00000000ed900000,0x00000000ed900000)
  from space 19456K, 99% used [0x00000000ed900000,0x00000000eebf93e8,0x00000000eec00000)
  to   space 30720K, 0% used [0x00000000f1880000,0x00000000f1880000,0x00000000f3680000)
 ParOldGen       total 82944K, used 60085K [0x00000000a0000000, 0x00000000a5100000, 0x00000000e0000000)
  object space 82944K, 72% used [0x00000000a0000000,0x00000000a3aad438,0x00000000a5100000)
 Metaspace       used 78251K, capacity 80596K, committed 80728K, reserved 1120256K
  class space    used 10238K, capacity 10777K, committed 10880K, reserved 1048576K
Event: 68.685 GC heap after
Heap after GC invocations=21 (full 3):
 PSYoungGen      total 273920K, used 30717K [0x00000000e0000000, 0x00000000f5500000, 0x0000000100000000)
  eden space 243200K, 0% used [0x00000000e0000000,0x00000000e0000000,0x00000000eed80000)
  from space 30720K, 99% used [0x00000000f1880000,0x00000000f367f450,0x00000000f3680000)
  to   space 44032K, 0% used [0x00000000eed80000,0x00000000eed80000,0x00000000f1880000)
 ParOldGen       total 82944K, used 81318K [0x00000000a0000000, 0x00000000a5100000, 0x00000000e0000000)
  object space 82944K, 98% used [0x00000000a0000000,0x00000000a4f69a58,0x00000000a5100000)
 Metaspace       used 78251K, capacity 80596K, committed 80728K, reserved 1120256K
  class space    used 10238K, capacity 10777K, committed 10880K, reserved 1048576K
}
Event: 68.685 GC heap before
{Heap before GC invocations=22 (full 4):
 PSYoungGen      total 273920K, used 30717K [0x00000000e0000000, 0x00000000f5500000, 0x0000000100000000)
  eden space 243200K, 0% used [0x00000000e0000000,0x00000000e0000000,0x00000000eed80000)
  from space 30720K, 99% used [0x00000000f1880000,0x00000000f367f450,0x00000000f3680000)
  to   space 44032K, 0% used [0x00000000eed80000,0x00000000eed80000,0x00000000f1880000)
 ParOldGen       total 82944K, used 81318K [0x00000000a0000000, 0x00000000a5100000, 0x00000000e0000000)
  object space 82944K, 98% used [0x00000000a0000000,0x00000000a4f69a58,0x00000000a5100000)
 Metaspace       used 78251K, capacity 80596K, committed 80728K, reserved 1120256K
  class space    used 10238K, capacity 10777K, committed 10880K, reserved 1048576K
Event: 69.180 GC heap after
Heap after GC invocations=22 (full 4):
 PSYoungGen      total 273920K, used 0K [0x00000000e0000000, 0x00000000f5500000, 0x0000000100000000)
  eden space 243200K, 0% used [0x00000000e0000000,0x00000000e0000000,0x00000000eed80000)
  from space 30720K, 0% used [0x00000000f1880000,0x00000000f1880000,0x00000000f3680000)
  to   space 44032K, 0% used [0x00000000eed80000,0x00000000eed80000,0x00000000f1880000)
 ParOldGen       total 82944K, used 74084K [0x00000000a0000000, 0x00000000a5100000, 0x00000000e0000000)
  object space 82944K, 89% used [0x00000000a0000000,0x00000000a48593c0,0x00000000a5100000)
 Metaspace       used 77961K, capacity 80204K, committed 80728K, reserved 1120256K
  class space    used 10206K, capacity 10721K, committed 10880K, reserved 1048576K
}
Event: 77.354 GC heap before
{Heap before GC invocations=23 (full 5):
 PSYoungGen      total 273920K, used 242968K [0x00000000e0000000, 0x00000000f5500000, 0x0000000100000000)
  eden space 243200K, 99% used [0x00000000e0000000,0x00000000eed463f0,0x00000000eed80000)
  from space 30720K, 0% used [0x00000000f1880000,0x00000000f1880000,0x00000000f3680000)
  to   space 44032K, 0% used [0x00000000eed80000,0x00000000eed80000,0x00000000f1880000)
 ParOldGen       total 82944K, used 74084K [0x00000000a0000000, 0x00000000a5100000, 0x00000000e0000000)
  object space 82944K, 89% used [0x00000000a0000000,0x00000000a48593c0,0x00000000a5100000)
 Metaspace       used 87265K, capacity 90386K, committed 90584K, reserved 1128448K
  class space    used 11326K, capacity 11966K, committed 12032K, reserved 1048576K
Event: 77.880 GC heap after
Heap after GC invocations=23 (full 5):
 PSYoungGen      total 273920K, used 0K [0x00000000e0000000, 0x00000000f5500000, 0x0000000100000000)
  eden space 243200K, 0% used [0x00000000e0000000,0x00000000e0000000,0x00000000eed80000)
  from space 30720K, 0% used [0x00000000f1880000,0x00000000f1880000,0x00000000f3680000)
  to   space 44032K, 0% used [0x00000000eed80000,0x00000000eed80000,0x00000000f1880000)
 ParOldGen       total 82944K, used 76262K [0x00000000a0000000, 0x00000000a5100000, 0x00000000e0000000)
  object space 82944K, 91% used [0x00000000a0000000,0x00000000a4a798c0,0x00000000a5100000)
 Metaspace       used 87131K, capacity 90036K, committed 90584K, reserved 1128448K
  class space    used 11279K, capacity 11883K, committed 12032K, reserved 1048576K
}

