# JRE version: OpenJDK Runtime Environment (8.0_152-b01) (build 1.8.0_152-release-1343-b01)
# Java VM: OpenJDK 64-Bit Server VM (25.152-b01 mixed mode windows-amd64 compressed oops)
Heap:
 PSYoungGen      total 368640K, used 53491K [0x00000000e0000000, 0x00000000fbe00000, 0x0000000100000000)
  eden space 313856K, 6% used [0x00000000e0000000,0x00000000e132be18,0x00000000f3280000)
  from space 54784K, 61% used [0x00000000f6980000,0x00000000f8a90ed0,0x00000000f9f00000)
  to   space 56320K, 0% used [0x00000000f3280000,0x00000000f3280000,0x00000000f6980000)
 ParOldGen       total 191488K, used 98195K [0x00000000a0000000, 0x00000000abb00000, 0x00000000e0000000)
  object space 191488K, 51% used [0x00000000a0000000,0x00000000a5fe4dc8,0x00000000abb00000)
 Metaspace       used 97443K, capacity 101770K, committed 101912K, reserved 1138688K
  class space    used 12453K, capacity 13291K, committed 13336K, reserved 1048576K
GC Heap History (10 events):
Event: 319.232 GC heap before
{Heap before GC invocations=20 (full 3):
 PSYoungGen      total 283136K, used 277815K [0x00000000e0000000, 0x00000000f3600000, 0x0000000100000000)
  eden space 262144K, 100% used [0x00000000e0000000,0x00000000f0000000,0x00000000f0000000)
  from space 20992K, 74% used [0x00000000f2180000,0x00000000f30cdc20,0x00000000f3600000)
  to   space 27648K, 0% used [0x00000000f0000000,0x00000000f0000000,0x00000000f1b00000)
 ParOldGen       total 95232K, used 65543K [0x00000000a0000000, 0x00000000a5d00000, 0x00000000e0000000)
  object space 95232K, 68% used [0x00000000a0000000,0x00000000a4001f38,0x00000000a5d00000)
 Metaspace       used 87070K, capacity 90542K, committed 90904K, reserved 1128448K
  class space    used 11216K, capacity 11931K, committed 12056K, reserved 1048576K
Event: 319.313 GC heap after
Heap after GC invocations=20 (full 3):
 PSYoungGen      total 289792K, used 27647K [0x00000000e0000000, 0x00000000f5500000, 0x0000000100000000)
  eden space 262144K, 0% used [0x00000000e0000000,0x00000000e0000000,0x00000000f0000000)
  from space 27648K, 99% used [0x00000000f0000000,0x00000000f1affd50,0x00000000f1b00000)
  to   space 32768K, 0% used [0x00000000f3500000,0x00000000f3500000,0x00000000f5500000)
 ParOldGen       total 95232K, used 68155K [0x00000000a0000000, 0x00000000a5d00000, 0x00000000e0000000)
  object space 95232K, 71% used [0x00000000a0000000,0x00000000a428eeb8,0x00000000a5d00000)
 Metaspace       used 87070K, capacity 90542K, committed 90904K, reserved 1128448K
  class space    used 11216K, capacity 11931K, committed 12056K, reserved 1048576K
}
Event: 327.785 GC heap before
{Heap before GC invocations=21 (full 3):
 PSYoungGen      total 289792K, used 277860K [0x00000000e0000000, 0x00000000f5500000, 0x0000000100000000)
  eden space 262144K, 95% used [0x00000000e0000000,0x00000000ef459588,0x00000000f0000000)
  from space 27648K, 99% used [0x00000000f0000000,0x00000000f1affd50,0x00000000f1b00000)
  to   space 32768K, 0% used [0x00000000f3500000,0x00000000f3500000,0x00000000f5500000)
 ParOldGen       total 95232K, used 68155K [0x00000000a0000000, 0x00000000a5d00000, 0x00000000e0000000)
  object space 95232K, 71% used [0x00000000a0000000,0x00000000a428eeb8,0x00000000a5d00000)
 Metaspace       used 94502K, capacity 98462K, committed 98584K, reserved 1134592K
  class space    used 12154K, capacity 12985K, committed 13080K, reserved 1048576K
Event: 328.092 GC heap after
Heap after GC invocations=21 (full 3):
 PSYoungGen      total 302080K, used 32748K [0x00000000e0000000, 0x00000000f8180000, 0x0000000100000000)
  eden space 269312K, 0% used [0x00000000e0000000,0x00000000e0000000,0x00000000f0700000)
  from space 32768K, 99% used [0x00000000f3500000,0x00000000f54fb300,0x00000000f5500000)
  to   space 47104K, 0% used [0x00000000f0700000,0x00000000f0700000,0x00000000f3500000)
 ParOldGen       total 95232K, used 92548K [0x00000000a0000000, 0x00000000a5d00000, 0x00000000e0000000)
  object space 95232K, 97% used [0x00000000a0000000,0x00000000a5a61200,0x00000000a5d00000)
 Metaspace       used 94502K, capacity 98462K, committed 98584K, reserved 1134592K
  class space    used 12154K, capacity 12985K, committed 13080K, reserved 1048576K
}
Event: 328.092 GC heap before
{Heap before GC invocations=22 (full 4):
 PSYoungGen      total 302080K, used 32748K [0x00000000e0000000, 0x00000000f8180000, 0x0000000100000000)
  eden space 269312K, 0% used [0x00000000e0000000,0x00000000e0000000,0x00000000f0700000)
  from space 32768K, 99% used [0x00000000f3500000,0x00000000f54fb300,0x00000000f5500000)
  to   space 47104K, 0% used [0x00000000f0700000,0x00000000f0700000,0x00000000f3500000)
 ParOldGen       total 95232K, used 92548K [0x00000000a0000000, 0x00000000a5d00000, 0x00000000e0000000)
  object space 95232K, 97% used [0x00000000a0000000,0x00000000a5a61200,0x00000000a5d00000)
 Metaspace       used 94502K, capacity 98462K, committed 98584K, reserved 1134592K
  class space    used 12154K, capacity 12985K, committed 13080K, reserved 1048576K
Event: 330.365 GC heap after
Heap after GC invocations=22 (full 4):
 PSYoungGen      total 302080K, used 10131K [0x00000000e0000000, 0x00000000f8180000, 0x0000000100000000)
  eden space 269312K, 0% used [0x00000000e0000000,0x00000000e0000000,0x00000000f0700000)
  from space 32768K, 30% used [0x00000000f3500000,0x00000000f3ee4c30,0x00000000f5500000)
  to   space 47104K, 0% used [0x00000000f0700000,0x00000000f0700000,0x00000000f3500000)
 ParOldGen       total 191488K, used 95056K [0x00000000a0000000, 0x00000000abb00000, 0x00000000e0000000)
  object space 191488K, 49% used [0x00000000a0000000,0x00000000a5cd42d8,0x00000000abb00000)
 Metaspace       used 94135K, capacity 97888K, committed 98584K, reserved 1134592K
  class space    used 12094K, capacity 12880K, committed 13080K, reserved 1048576K
}
Event: 339.227 GC heap before
{Heap before GC invocations=23 (full 4):
 PSYoungGen      total 302080K, used 279443K [0x00000000e0000000, 0x00000000f8180000, 0x0000000100000000)
  eden space 269312K, 100% used [0x00000000e0000000,0x00000000f0700000,0x00000000f0700000)
  from space 32768K, 30% used [0x00000000f3500000,0x00000000f3ee4c30,0x00000000f5500000)
  to   space 47104K, 0% used [0x00000000f0700000,0x00000000f0700000,0x00000000f3500000)
 ParOldGen       total 191488K, used 95056K [0x00000000a0000000, 0x00000000abb00000, 0x00000000e0000000)
  object space 191488K, 49% used [0x00000000a0000000,0x00000000a5cd42d8,0x00000000abb00000)
 Metaspace       used 97092K, capacity 101346K, committed 101400K, reserved 1136640K
  class space    used 12439K, capacity 13283K, committed 13336K, reserved 1048576K
Event: 339.423 GC heap after
Heap after GC invocations=23 (full 4):
 PSYoungGen      total 316416K, used 47094K [0x00000000e0000000, 0x00000000f9f00000, 0x0000000100000000)
  eden space 269312K, 0% used [0x00000000e0000000,0x00000000e0000000,0x00000000f0700000)
  from space 47104K, 99% used [0x00000000f0700000,0x00000000f34fda80,0x00000000f3500000)
  to   space 54784K, 0% used [0x00000000f6980000,0x00000000f6980000,0x00000000f9f00000)
 ParOldGen       total 191488K, used 95816K [0x00000000a0000000, 0x00000000abb00000, 0x00000000e0000000)
  object space 191488K, 50% used [0x00000000a0000000,0x00000000a5d923b8,0x00000000abb00000)
 Metaspace       used 97092K, capacity 101346K, committed 101400K, reserved 1136640K
  class space    used 12439K, capacity 13283K, committed 13336K, reserved 1048576K
}
Event: 346.198 GC heap before
{Heap before GC invocations=24 (full 4):
 PSYoungGen      total 316416K, used 316406K [0x00000000e0000000, 0x00000000f9f00000, 0x0000000100000000)
  eden space 269312K, 100% used [0x00000000e0000000,0x00000000f0700000,0x00000000f0700000)
  from space 47104K, 99% used [0x00000000f0700000,0x00000000f34fda80,0x00000000f3500000)
  to   space 54784K, 0% used [0x00000000f6980000,0x00000000f6980000,0x00000000f9f00000)
 ParOldGen       total 191488K, used 95816K [0x00000000a0000000, 0x00000000abb00000, 0x00000000e0000000)
  object space 191488K, 50% used [0x00000000a0000000,0x00000000a5d923b8,0x00000000abb00000)
 Metaspace       used 97442K, capacity 101770K, committed 101912K, reserved 1138688K
  class space    used 12453K, capacity 13291K, committed 13336K, reserved 1048576K
Event: 347.182 GC heap after
Heap after GC invocations=24 (full 4):
 PSYoungGen      total 368640K, used 33859K [0x00000000e0000000, 0x00000000fbe00000, 0x0000000100000000)
  eden space 313856K, 0% used [0x00000000e0000000,0x00000000e0000000,0x00000000f3280000)
  from space 54784K, 61% used [0x00000000f6980000,0x00000000f8a90ed0,0x00000000f9f00000)
  to   space 56320K, 0% used [0x00000000f3280000,0x00000000f3280000,0x00000000f6980000)
 ParOldGen       total 191488K, used 98195K [0x00000000a0000000, 0x00000000abb00000, 0x00000000e0000000)
  object space 191488K, 51% used [0x00000000a0000000,0x00000000a5fe4dc8,0x00000000abb00000)
 Metaspace       used 97442K, capacity 101770K, committed 101912K, reserved 1138688K
  class space    used 12453K, capacity 13291K, committed 13336K, reserved 1048576K
}

