# JRE version: OpenJDK Runtime Environment (8.0_152-b01) (build 1.8.0_152-release-1343-b01)
# Java VM: OpenJDK 64-Bit Server VM (25.152-b01 mixed mode windows-amd64 compressed oops)
Heap:
 PSYoungGen      total 336384K, used 299706K [0x00000000e0000000, 0x00000000fa180000, 0x0000000100000000)
  eden space 275456K, 86% used [0x00000000e0000000,0x00000000ee930f48,0x00000000f0d00000)
  from space 60928K, 99% used [0x00000000f5600000,0x00000000f917d908,0x00000000f9180000)
  to   space 74752K, 0% used [0x00000000f0d00000,0x00000000f0d00000,0x00000000f5600000)
 ParOldGen       total 170496K, used 78735K [0x00000000a0000000, 0x00000000aa680000, 0x00000000e0000000)
  object space 170496K, 46% used [0x00000000a0000000,0x00000000a4ce3c58,0x00000000aa680000)
 Metaspace       used 102841K, capacity 106727K, committed 110228K, reserved 1144832K
  class space    used 12693K, capacity 13405K, committed 14524K, reserved 1048576K
GC Heap History (10 events):
Event: 5035.083 GC heap before
{Heap before GC invocations=27 (full 5):
 PSYoungGen      total 287744K, used 287628K [0x00000000e0000000, 0x00000000f5f80000, 0x0000000100000000)
  eden space 254464K, 100% used [0x00000000e0000000,0x00000000ef880000,0x00000000ef880000)
  from space 33280K, 99% used [0x00000000f0200000,0x00000000f2263048,0x00000000f2280000)
  to   space 52736K, 0% used [0x00000000f2c00000,0x00000000f2c00000,0x00000000f5f80000)
 ParOldGen       total 170496K, used 41463K [0x00000000a0000000, 0x00000000aa680000, 0x00000000e0000000)
  object space 170496K, 24% used [0x00000000a0000000,0x00000000a287dc38,0x00000000aa680000)
 Metaspace       used 100150K, capacity 103695K, committed 110228K, reserved 1144832K
  class space    used 12475K, capacity 13163K, committed 14524K, reserved 1048576K
Event: 5035.156 GC heap after
Heap after GC invocations=27 (full 5):
 PSYoungGen      total 283648K, used 21185K [0x00000000e0000000, 0x00000000f5180000, 0x0000000100000000)
  eden space 245248K, 0% used [0x00000000e0000000,0x00000000e0000000,0x00000000eef80000)
  from space 38400K, 55% used [0x00000000f2c00000,0x00000000f40b0528,0x00000000f5180000)
  to   space 50176K, 0% used [0x00000000eef80000,0x00000000eef80000,0x00000000f2080000)
 ParOldGen       total 170496K, used 41471K [0x00000000a0000000, 0x00000000aa680000, 0x00000000e0000000)
  object space 170496K, 24% used [0x00000000a0000000,0x00000000a287fc38,0x00000000aa680000)
 Metaspace       used 100150K, capacity 103695K, committed 110228K, reserved 1144832K
  class space    used 12475K, capacity 13163K, committed 14524K, reserved 1048576K
}
Event: 5038.371 GC heap before
{Heap before GC invocations=28 (full 5):
 PSYoungGen      total 283648K, used 266433K [0x00000000e0000000, 0x00000000f5180000, 0x0000000100000000)
  eden space 245248K, 100% used [0x00000000e0000000,0x00000000eef80000,0x00000000eef80000)
  from space 38400K, 55% used [0x00000000f2c00000,0x00000000f40b0528,0x00000000f5180000)
  to   space 50176K, 0% used [0x00000000eef80000,0x00000000eef80000,0x00000000f2080000)
 ParOldGen       total 170496K, used 41471K [0x00000000a0000000, 0x00000000aa680000, 0x00000000e0000000)
  object space 170496K, 24% used [0x00000000a0000000,0x00000000a287fc38,0x00000000aa680000)
 Metaspace       used 100285K, capacity 103931K, committed 110228K, reserved 1144832K
  class space    used 12490K, capacity 13183K, committed 14524K, reserved 1048576K
Event: 5038.430 GC heap after
Heap after GC invocations=28 (full 5):
 PSYoungGen      total 257536K, used 20608K [0x00000000e0000000, 0x00000000f4500000, 0x0000000100000000)
  eden space 236544K, 0% used [0x00000000e0000000,0x00000000e0000000,0x00000000ee700000)
  from space 20992K, 98% used [0x00000000eef80000,0x00000000f03a00b0,0x00000000f0400000)
  to   space 48128K, 0% used [0x00000000f1600000,0x00000000f1600000,0x00000000f4500000)
 ParOldGen       total 170496K, used 41471K [0x00000000a0000000, 0x00000000aa680000, 0x00000000e0000000)
  object space 170496K, 24% used [0x00000000a0000000,0x00000000a287fc38,0x00000000aa680000)
 Metaspace       used 100285K, capacity 103931K, committed 110228K, reserved 1144832K
  class space    used 12490K, capacity 13183K, committed 14524K, reserved 1048576K
}
Event: 5051.037 GC heap before
{Heap before GC invocations=29 (full 5):
 PSYoungGen      total 257536K, used 256901K [0x00000000e0000000, 0x00000000f4500000, 0x0000000100000000)
  eden space 236544K, 99% used [0x00000000e0000000,0x00000000ee6c1430,0x00000000ee700000)
  from space 20992K, 98% used [0x00000000eef80000,0x00000000f03a00b0,0x00000000f0400000)
  to   space 48128K, 0% used [0x00000000f1600000,0x00000000f1600000,0x00000000f4500000)
 ParOldGen       total 170496K, used 41471K [0x00000000a0000000, 0x00000000aa680000, 0x00000000e0000000)
  object space 170496K, 24% used [0x00000000a0000000,0x00000000a287fc38,0x00000000aa680000)
 Metaspace       used 102016K, capacity 105745K, committed 110228K, reserved 1144832K
  class space    used 12611K, capacity 13312K, committed 14524K, reserved 1048576K
Event: 5051.110 GC heap after
Heap after GC invocations=29 (full 5):
 PSYoungGen      total 264192K, used 24346K [0x00000000e0000000, 0x00000000f3900000, 0x0000000100000000)
  eden space 228352K, 0% used [0x00000000e0000000,0x00000000e0000000,0x00000000edf00000)
  from space 35840K, 67% used [0x00000000f1600000,0x00000000f2dc6ae0,0x00000000f3900000)
  to   space 46080K, 0% used [0x00000000edf00000,0x00000000edf00000,0x00000000f0c00000)
 ParOldGen       total 170496K, used 41479K [0x00000000a0000000, 0x00000000aa680000, 0x00000000e0000000)
  object space 170496K, 24% used [0x00000000a0000000,0x00000000a2881c38,0x00000000aa680000)
 Metaspace       used 102016K, capacity 105745K, committed 110228K, reserved 1144832K
  class space    used 12611K, capacity 13312K, committed 14524K, reserved 1048576K
}
Event: 5055.088 GC heap before
{Heap before GC invocations=30 (full 5):
 PSYoungGen      total 264192K, used 252698K [0x00000000e0000000, 0x00000000f3900000, 0x0000000100000000)
  eden space 228352K, 100% used [0x00000000e0000000,0x00000000edf00000,0x00000000edf00000)
  from space 35840K, 67% used [0x00000000f1600000,0x00000000f2dc6ae0,0x00000000f3900000)
  to   space 46080K, 0% used [0x00000000edf00000,0x00000000edf00000,0x00000000f0c00000)
 ParOldGen       total 170496K, used 41479K [0x00000000a0000000, 0x00000000aa680000, 0x00000000e0000000)
  object space 170496K, 24% used [0x00000000a0000000,0x00000000a2881c38,0x00000000aa680000)
 Metaspace       used 102388K, capacity 106239K, committed 110228K, reserved 1144832K
  class space    used 12643K, capacity 13353K, committed 14524K, reserved 1048576K
Event: 5055.625 GC heap after
Heap after GC invocations=30 (full 5):
 PSYoungGen      total 274432K, used 46066K [0x00000000e0000000, 0x00000000f9180000, 0x0000000100000000)
  eden space 228352K, 0% used [0x00000000e0000000,0x00000000e0000000,0x00000000edf00000)
  from space 46080K, 99% used [0x00000000edf00000,0x00000000f0bfcbd0,0x00000000f0c00000)
  to   space 60928K, 0% used [0x00000000f5600000,0x00000000f5600000,0x00000000f9180000)
 ParOldGen       total 170496K, used 65131K [0x00000000a0000000, 0x00000000aa680000, 0x00000000e0000000)
  object space 170496K, 38% used [0x00000000a0000000,0x00000000a3f9ac08,0x00000000aa680000)
 Metaspace       used 102388K, capacity 106239K, committed 110228K, reserved 1144832K
  class space    used 12643K, capacity 13353K, committed 14524K, reserved 1048576K
}
Event: 5059.884 GC heap before
{Heap before GC invocations=31 (full 5):
 PSYoungGen      total 274432K, used 274213K [0x00000000e0000000, 0x00000000f9180000, 0x0000000100000000)
  eden space 228352K, 99% used [0x00000000e0000000,0x00000000edeccbb0,0x00000000edf00000)
  from space 46080K, 99% used [0x00000000edf00000,0x00000000f0bfcbd0,0x00000000f0c00000)
  to   space 60928K, 0% used [0x00000000f5600000,0x00000000f5600000,0x00000000f9180000)
 ParOldGen       total 170496K, used 65131K [0x00000000a0000000, 0x00000000aa680000, 0x00000000e0000000)
  object space 170496K, 38% used [0x00000000a0000000,0x00000000a3f9ac08,0x00000000aa680000)
 Metaspace       used 102444K, capacity 106253K, committed 110228K, reserved 1144832K
  class space    used 12648K, capacity 13358K, committed 14524K, reserved 1048576K
Event: 5060.229 GC heap after
Heap after GC invocations=31 (full 5):
 PSYoungGen      total 336384K, used 60918K [0x00000000e0000000, 0x00000000fa180000, 0x0000000100000000)
  eden space 275456K, 0% used [0x00000000e0000000,0x00000000e0000000,0x00000000f0d00000)
  from space 60928K, 99% used [0x00000000f5600000,0x00000000f917d908,0x00000000f9180000)
  to   space 74752K, 0% used [0x00000000f0d00000,0x00000000f0d00000,0x00000000f5600000)
 ParOldGen       total 170496K, used 78735K [0x00000000a0000000, 0x00000000aa680000, 0x00000000e0000000)
  object space 170496K, 46% used [0x00000000a0000000,0x00000000a4ce3c58,0x00000000aa680000)
 Metaspace       used 102444K, capacity 106253K, committed 110228K, reserved 1144832K
  class space    used 12648K, capacity 13358K, committed 14524K, reserved 1048576K
}

